The following modules were not unloaded:
  (Use "module --force purge" to unload all):

  1) CCconfig        6)  ucx/1.14.1         11) flexiblas/3.3.1
  2) gentoo/2023     7)  libfabric/1.18.0   12) blis/0.9.0
  3) gcccore/.12.3   8)  pmix/4.2.4         13) StdEnv/2023
  4) gcc/12.3        9)  ucc/1.2.0
  5) hwloc/2.9.1     10) openmpi/4.1.5
Identity-init LS regression passed.
Checkpoint build/save/load regression passed.
[BASELINES] Estimating empirical LMMSE covariances with num_batches=24 batch_size=48 use_training_impairments=True
Baseline forward passed: baseline_ls_lmmse
Baseline forward passed: baseline_ddcpe_ls_lmmse
Baseline forward passed: paper_cfgres_phaseaware_ls_lmmse
Baseline forward passed: upair5g_lmmse
Baseline forward passed: perfect_csi_lmmse
Richer-baselines regression passed.
Phase-aware identity/build regression passed.
Phase-aware paper configured-reservoir regression passed.
Phase-aware paper comparator warning-free regression passed.
[TRAIN] step=00001 loss=-3.43565 nmse_prop=0.00763 nmse_ls=0.00763
[TRAIN] step=00100 loss=-2.42267 nmse_prop=0.03160 nmse_ls=0.03407
[TRAIN] step=00200 loss=-1.70252 nmse_prop=0.05860 nmse_ls=0.08326
[TRAIN] step=00300 loss=-3.23338 nmse_prop=0.01318 nmse_ls=0.01955
[TRAIN] step=00400 loss=-2.27680 nmse_prop=0.02556 nmse_ls=0.05904
[TRAIN] step=00500 loss=-3.42286 nmse_prop=0.00990 nmse_ls=0.01911
[TRAIN] step=00600 loss=-2.77696 nmse_prop=0.01411 nmse_ls=0.03963
[TRAIN] step=00700 loss=-2.66269 nmse_prop=0.01503 nmse_ls=0.04556
[TRAIN] step=00800 loss=-4.10030 nmse_prop=0.00501 nmse_ls=0.01118
[TRAIN] step=00900 loss=-1.86215 nmse_prop=0.02627 nmse_ls=0.10245
[TRAIN] step=01000 loss=-3.43617 nmse_prop=0.00739 nmse_ls=0.02217
[TRAIN] step=01100 loss=-1.72489 nmse_prop=0.02854 nmse_ls=0.12015
[TRAIN] step=01200 loss=-4.51517 nmse_prop=0.00344 nmse_ls=0.00881
[TRAIN] step=01300 loss=-3.70662 nmse_prop=0.00548 nmse_ls=0.01734
[TRAIN] step=01400 loss=-4.06116 nmse_prop=0.00426 nmse_ls=0.01343
[TRAIN] step=01500 loss=-2.85582 nmse_prop=0.00961 nmse_ls=0.04106
[TRAIN] step=01600 loss=-4.76167 nmse_prop=0.00286 nmse_ls=0.00704
[TRAIN] step=01700 loss=-3.09653 nmse_prop=0.00735 nmse_ls=0.03351
[TRAIN] step=01800 loss=-4.45045 nmse_prop=0.00300 nmse_ls=0.01015
[TRAIN] step=01900 loss=-4.68544 nmse_prop=0.00253 nmse_ls=0.00847
[TRAIN] step=02000 loss=-3.23719 nmse_prop=0.00606 nmse_ls=0.02944
[TRAIN] step=02100 loss=-1.76715 nmse_prop=0.01913 nmse_ls=0.12318
[TRAIN] step=02200 loss=-3.88280 nmse_prop=0.00376 nmse_ls=0.01671
[TRAIN] step=02300 loss=-5.10828 nmse_prop=0.00185 nmse_ls=0.00643
[TRAIN] step=02400 loss=-2.18929 nmse_prop=0.01405 nmse_ls=0.07994
[TRAIN] step=02500 loss=-3.50891 nmse_prop=0.00447 nmse_ls=0.02324
[TRAIN] step=02600 loss=-3.60713 nmse_prop=0.00424 nmse_ls=0.02177
[TRAIN] step=02700 loss=-1.97714 nmse_prop=0.01469 nmse_ls=0.10055
[TRAIN] step=02800 loss=-5.38396 nmse_prop=0.00148 nmse_ls=0.00552
[TRAIN] step=02900 loss=-4.46717 nmse_prop=0.00236 nmse_ls=0.01087
[TRAIN] step=03000 loss=-2.07537 nmse_prop=0.01309 nmse_ls=0.09243
[TRAIN] step=03100 loss=-2.48516 nmse_prop=0.00909 nmse_ls=0.06279
[TRAIN] step=03200 loss=-5.04866 nmse_prop=0.00166 nmse_ls=0.00686
[TRAIN] step=03300 loss=-5.02821 nmse_prop=0.00164 nmse_ls=0.00737
[TRAIN] step=03400 loss=-2.55659 nmse_prop=0.00846 nmse_ls=0.05797
[TRAIN] step=03500 loss=-4.02740 nmse_prop=0.00295 nmse_ls=0.01514
[TRAIN] step=03600 loss=-1.85056 nmse_prop=0.01477 nmse_ls=0.11478
[TRAIN] step=03700 loss=-2.17670 nmse_prop=0.01089 nmse_ls=0.08450
[TRAIN] step=03800 loss=-3.67086 nmse_prop=0.00343 nmse_ls=0.02079
[TRAIN] step=03900 loss=-2.59515 nmse_prop=0.00740 nmse_ls=0.05650
[TRAIN] step=04000 loss=-3.64019 nmse_prop=0.00342 nmse_ls=0.02137
[TRAIN] step=04100 loss=-2.73472 nmse_prop=0.00686 nmse_ls=0.04989
[TRAIN] step=04200 loss=-2.26313 nmse_prop=0.00958 nmse_ls=0.07720
[TRAIN] step=04300 loss=-2.29301 nmse_prop=0.00953 nmse_ls=0.07589
[TRAIN] step=04400 loss=-5.15690 nmse_prop=0.00145 nmse_ls=0.00658
[TRAIN] step=04500 loss=-4.99911 nmse_prop=0.00164 nmse_ls=0.00756
[EVAL] receiver=       baseline_ls_lmmse Eb/N0= 0.0 dB BER=9.11700e-02 BLER=1.00000e+00 NMSE=1.29206e-01
[EVAL] receiver= baseline_ddcpe_ls_lmmse Eb/N0= 0.0 dB BER=9.13985e-02 BLER=1.00000e+00 NMSE=1.29389e-01
[EVAL] receiver=paper_cfgres_phaseaware_ls_lmmse Eb/N0= 0.0 dB BER=7.26511e-02 BLER=1.00000e+00 NMSE=7.02953e-02
[EVAL] receiver=           upair5g_lmmse Eb/N0= 0.0 dB BER=2.82806e-02 BLER=8.99007e-01 NMSE=1.47475e-02
[EVAL] receiver=       perfect_csi_lmmse Eb/N0= 0.0 dB BER=7.99524e-03 BLER=3.76526e-01 NMSE=0.00000e+00
[EVAL] receiver=       baseline_ls_lmmse Eb/N0= 2.0 dB BER=5.55926e-04 BLER=2.15047e-02 NMSE=8.28965e-02
[EVAL] receiver= baseline_ddcpe_ls_lmmse Eb/N0= 2.0 dB BER=5.66834e-04 BLER=2.18709e-02 NMSE=8.30084e-02
[EVAL] receiver=paper_cfgres_phaseaware_ls_lmmse Eb/N0= 2.0 dB BER=3.72550e-04 BLER=1.35702e-02 NMSE=4.91942e-02
[EVAL] receiver=           upair5g_lmmse Eb/N0= 2.0 dB BER=2.59969e-05 BLER=8.34149e-04 NMSE=9.40953e-03
[EVAL] receiver=       perfect_csi_lmmse Eb/N0= 2.0 dB BER=6.39849e-06 BLER=2.03451e-04 NMSE=0.00000e+00
[EVAL] receiver=       baseline_ls_lmmse Eb/N0= 4.0 dB BER=0.00000e+00 BLER=0.00000e+00 NMSE=5.36417e-02
[EVAL] receiver= baseline_ddcpe_ls_lmmse Eb/N0= 4.0 dB BER=0.00000e+00 BLER=0.00000e+00 NMSE=5.36961e-02
[EVAL] receiver=paper_cfgres_phaseaware_ls_lmmse Eb/N0= 4.0 dB BER=0.00000e+00 BLER=0.00000e+00 NMSE=3.58816e-02
[EVAL] receiver=           upair5g_lmmse Eb/N0= 4.0 dB BER=0.00000e+00 BLER=0.00000e+00 NMSE=6.31053e-03
[EVAL] receiver=       perfect_csi_lmmse Eb/N0= 4.0 dB BER=0.00000e+00 BLER=0.00000e+00 NMSE=0.00000e+00
[EVAL] receiver=       baseline_ls_lmmse Eb/N0= 6.0 dB BER=0.00000e+00 BLER=0.00000e+00 NMSE=3.51772e-02
[EVAL] receiver= baseline_ddcpe_ls_lmmse Eb/N0= 6.0 dB BER=0.00000e+00 BLER=0.00000e+00 NMSE=3.51942e-02
[EVAL] receiver=paper_cfgres_phaseaware_ls_lmmse Eb/N0= 6.0 dB BER=0.00000e+00 BLER=0.00000e+00 NMSE=2.73949e-02
[EVAL] receiver=           upair5g_lmmse Eb/N0= 6.0 dB BER=0.00000e+00 BLER=0.00000e+00 NMSE=4.38215e-03
[EVAL] receiver=       perfect_csi_lmmse Eb/N0= 6.0 dB BER=0.00000e+00 BLER=0.00000e+00 NMSE=0.00000e+00
[EVAL] receiver=       baseline_ls_lmmse Eb/N0= 8.0 dB BER=0.00000e+00 BLER=0.00000e+00 NMSE=2.35717e-02
[EVAL] receiver= baseline_ddcpe_ls_lmmse Eb/N0= 8.0 dB BER=0.00000e+00 BLER=0.00000e+00 NMSE=2.35694e-02
[EVAL] receiver=paper_cfgres_phaseaware_ls_lmmse Eb/N0= 8.0 dB BER=0.00000e+00 BLER=0.00000e+00 NMSE=2.21809e-02
[EVAL] receiver=           upair5g_lmmse Eb/N0= 8.0 dB BER=0.00000e+00 BLER=0.00000e+00 NMSE=3.15752e-03
[EVAL] receiver=       perfect_csi_lmmse Eb/N0= 8.0 dB BER=0.00000e+00 BLER=0.00000e+00 NMSE=0.00000e+00
[EVAL] receiver=       baseline_ls_lmmse Eb/N0=10.0 dB BER=0.00000e+00 BLER=0.00000e+00 NMSE=1.62055e-02
[EVAL] receiver= baseline_ddcpe_ls_lmmse Eb/N0=10.0 dB BER=0.00000e+00 BLER=0.00000e+00 NMSE=1.61949e-02
[EVAL] receiver=paper_cfgres_phaseaware_ls_lmmse Eb/N0=10.0 dB BER=0.00000e+00 BLER=0.00000e+00 NMSE=1.87506e-02
[EVAL] receiver=           upair5g_lmmse Eb/N0=10.0 dB BER=0.00000e+00 BLER=0.00000e+00 NMSE=2.32577e-03
[EVAL] receiver=       perfect_csi_lmmse Eb/N0=10.0 dB BER=0.00000e+00 BLER=0.00000e+00 NMSE=0.00000e+00
[EVAL] receiver=       baseline_ls_lmmse Eb/N0=12.0 dB BER=0.00000e+00 BLER=0.00000e+00 NMSE=1.15810e-02
[EVAL] receiver= baseline_ddcpe_ls_lmmse Eb/N0=12.0 dB BER=0.00000e+00 BLER=0.00000e+00 NMSE=1.15657e-02
[EVAL] receiver=paper_cfgres_phaseaware_ls_lmmse Eb/N0=12.0 dB BER=0.00000e+00 BLER=0.00000e+00 NMSE=1.67196e-02
[EVAL] receiver=           upair5g_lmmse Eb/N0=12.0 dB BER=0.00000e+00 BLER=0.00000e+00 NMSE=1.76880e-03
[EVAL] receiver=       perfect_csi_lmmse Eb/N0=12.0 dB BER=0.00000e+00 BLER=0.00000e+00 NMSE=0.00000e+00
[EVAL] receiver=       baseline_ls_lmmse Eb/N0=14.0 dB BER=0.00000e+00 BLER=0.00000e+00 NMSE=8.65161e-03
[EVAL] receiver= baseline_ddcpe_ls_lmmse Eb/N0=14.0 dB BER=0.00000e+00 BLER=0.00000e+00 NMSE=8.63376e-03
[EVAL] receiver=paper_cfgres_phaseaware_ls_lmmse Eb/N0=14.0 dB BER=0.00000e+00 BLER=0.00000e+00 NMSE=1.55413e-02
[EVAL] receiver=           upair5g_lmmse Eb/N0=14.0 dB BER=0.00000e+00 BLER=0.00000e+00 NMSE=1.38387e-03
[EVAL] receiver=       perfect_csi_lmmse Eb/N0=14.0 dB BER=0.00000e+00 BLER=0.00000e+00 NMSE=0.00000e+00
[EVAL] receiver=       baseline_ls_lmmse Eb/N0=16.0 dB BER=0.00000e+00 BLER=0.00000e+00 NMSE=6.82291e-03
[EVAL] receiver= baseline_ddcpe_ls_lmmse Eb/N0=16.0 dB BER=0.00000e+00 BLER=0.00000e+00 NMSE=6.80359e-03
[EVAL] receiver=paper_cfgres_phaseaware_ls_lmmse Eb/N0=16.0 dB BER=0.00000e+00 BLER=0.00000e+00 NMSE=1.49592e-02
[EVAL] receiver=           upair5g_lmmse Eb/N0=16.0 dB BER=0.00000e+00 BLER=0.00000e+00 NMSE=1.12048e-03
[EVAL] receiver=       perfect_csi_lmmse Eb/N0=16.0 dB BER=0.00000e+00 BLER=0.00000e+00 NMSE=0.00000e+00
[EVAL] receiver=       baseline_ls_lmmse Eb/N0=18.0 dB BER=0.00000e+00 BLER=0.00000e+00 NMSE=5.64819e-03
[EVAL] receiver= baseline_ddcpe_ls_lmmse Eb/N0=18.0 dB BER=0.00000e+00 BLER=0.00000e+00 NMSE=5.62806e-03
[EVAL] receiver=paper_cfgres_phaseaware_ls_lmmse Eb/N0=18.0 dB BER=0.00000e+00 BLER=0.00000e+00 NMSE=1.49437e-02
[EVAL] receiver=           upair5g_lmmse Eb/N0=18.0 dB BER=0.00000e+00 BLER=0.00000e+00 NMSE=9.35298e-04
[EVAL] receiver=       perfect_csi_lmmse Eb/N0=18.0 dB BER=0.00000e+00 BLER=0.00000e+00 NMSE=0.00000e+00
{'train': {'output_dir': '/home/rsadve1/PROJECT/Universal_Receiver/outputs/twc_mild_dmrsrich', 'checkpoint_path': '/home/rsadve1/PROJECT/Universal_Receiver/outputs/twc_mild_dmrsrich/checkpoints/best.weights.h5', 'history_path': '/home/rsadve1/PROJECT/Universal_Receiver/outputs/twc_mild_dmrsrich/metrics/history.json'}, 'eval': {'output_dir': '/home/rsadve1/PROJECT/Universal_Receiver/outputs/twc_mild_dmrsrich', 'curves_path': '/home/rsadve1/PROJECT/Universal_Receiver/outputs/twc_mild_dmrsrich/metrics/curves.csv', 'summary_path': '/home/rsadve1/PROJECT/Universal_Receiver/outputs/twc_mild_dmrsrich/metrics/evaluation_summary.json'}, 'plots': {'plots_dir': '/home/rsadve1/PROJECT/Universal_Receiver/outputs/twc_mild_dmrsrich/plots'}}
