The following modules were not unloaded:
  (Use "module --force purge" to unload all):

  1) CCconfig        6)  ucx/1.14.1         11) flexiblas/3.3.1
  2) gentoo/2023     7)  libfabric/1.18.0   12) blis/0.9.0
  3) gcccore/.12.3   8)  pmix/4.2.4         13) StdEnv/2023
  4) gcc/12.3        9)  ucc/1.2.0
  5) hwloc/2.9.1     10) openmpi/4.1.5
Identity-init LS regression passed.
Checkpoint build/save/load regression passed.
Baseline forward passed: baseline_ls_lmmse
Baseline forward passed: baseline_ls_timeavg_lmmse
Baseline forward passed: baseline_ls_2dlmmse_lmmse
Baseline forward passed: upair5g_lmmse
Baseline forward passed: perfect_csi_lmmse
Richer-baselines regression passed.
[EVAL] receiver=       baseline_ls_lmmse Eb/N0= 4.0 dB BER=0.00000e+00 BLER=0.00000e+00 NMSE=1.28551e-01
[EVAL] receiver=baseline_ls_timeavg_lmmse Eb/N0= 4.0 dB BER=0.00000e+00 BLER=0.00000e+00 NMSE=1.28551e-01
[EVAL] receiver=baseline_ls_2dlmmse_lmmse Eb/N0= 4.0 dB BER=4.38345e-02 BLER=3.75000e-01 NMSE=2.71229e-01
[EVAL] receiver=           upair5g_lmmse Eb/N0= 4.0 dB BER=0.00000e+00 BLER=0.00000e+00 NMSE=1.26369e-01
[EVAL] receiver=       perfect_csi_lmmse Eb/N0= 4.0 dB BER=0.00000e+00 BLER=0.00000e+00 NMSE=0.00000e+00
[EVAL] receiver=       baseline_ls_lmmse Eb/N0= 8.0 dB BER=0.00000e+00 BLER=0.00000e+00 NMSE=6.56151e-02
[EVAL] receiver=baseline_ls_timeavg_lmmse Eb/N0= 8.0 dB BER=0.00000e+00 BLER=0.00000e+00 NMSE=6.56151e-02
[EVAL] receiver=baseline_ls_2dlmmse_lmmse Eb/N0= 8.0 dB BER=4.34966e-02 BLER=1.87500e-01 NMSE=2.72890e-01
[EVAL] receiver=           upair5g_lmmse Eb/N0= 8.0 dB BER=0.00000e+00 BLER=0.00000e+00 NMSE=6.45784e-02
[EVAL] receiver=       perfect_csi_lmmse Eb/N0= 8.0 dB BER=0.00000e+00 BLER=0.00000e+00 NMSE=0.00000e+00
{'eval': {'output_dir': '/home/rsadve1/PROJECT/Universal_Receiver/outputs/smoke_upair_cdlc_richer_baselines', 'curves_path': '/home/rsadve1/PROJECT/Universal_Receiver/outputs/smoke_upair_cdlc_richer_baselines/metrics/curves.csv', 'summary_path': '/home/rsadve1/PROJECT/Universal_Receiver/outputs/smoke_upair_cdlc_richer_baselines/metrics/evaluation_summary.json'}, 'plots': {'plots_dir': '/home/rsadve1/PROJECT/Universal_Receiver/outputs/smoke_upair_cdlc_richer_baselines/plots'}}
