Baseline forward passed: baseline_ls_lmmse
Baseline forward passed: baseline_ddcpe_ls_lmmse
Baseline forward passed: paper_cfgres_phaseaware_ls_lmmse
Baseline forward passed: upair5g_lmmse
Baseline forward passed: perfect_csi_lmmse
Richer-baselines regression passed.
[BASELINES] Estimating empirical LMMSE covariances with num_batches=48 batch_size=64 use_training_impairments=False
[EVAL] receiver=       baseline_ls_lmmse Eb/N0= 0.0 dB BER=1.78183e-01 BLER=1.00000e+00 NMSE=1.43096e-01 bit_err=26344288/147849216 blk_err=24576/24576  batches= 256
[EVAL] receiver=baseline_ls_2dlmmse_lmmse Eb/N0= 0.0 dB BER=2.65830e-01 BLER=1.00000e+00 NMSE=5.04083e-01 bit_err=39302777/147849216 blk_err=24576/24576  batches= 256
[EVAL] receiver= baseline_ddcpe_ls_lmmse Eb/N0= 0.0 dB BER=1.78054e-01 BLER=1.00000e+00 NMSE=1.42639e-01 bit_err=26325109/147849216 blk_err=24576/24576  batches= 256
[EVAL] receiver=paper_cfgres_phaseaware_ls_lmmse Eb/N0= 0.0 dB BER=1.74526e-01 BLER=1.00000e+00 NMSE=1.07676e-01 bit_err=25803516/147849216 blk_err=24576/24576  batches= 256
[EVAL] receiver=           upair5g_lmmse Eb/N0= 0.0 dB BER=1.60237e-01 BLER=1.00000e+00 NMSE=2.89836e-02 bit_err=23690941/147849216 blk_err=24576/24576  batches= 256
[EVAL] receiver=       perfect_csi_lmmse Eb/N0= 0.0 dB BER=1.50144e-01 BLER=1.00000e+00 NMSE=0.00000e+00 bit_err=22198706/147849216 blk_err=24576/24576  batches= 256
[EVAL] receiver=       baseline_ls_lmmse Eb/N0= 1.0 dB BER=1.55005e-01 BLER=1.00000e+00 NMSE=1.16891e-01 bit_err=22917366/147849216 blk_err=24576/24576  batches= 256
[EVAL] receiver=baseline_ls_2dlmmse_lmmse Eb/N0= 1.0 dB BER=2.50210e-01 BLER=1.00000e+00 NMSE=4.89357e-01 bit_err=36993404/147849216 blk_err=24576/24576  batches= 256
[EVAL] receiver= baseline_ddcpe_ls_lmmse Eb/N0= 1.0 dB BER=1.54709e-01 BLER=1.00000e+00 NMSE=1.16084e-01 bit_err=22873576/147849216 blk_err=24576/24576  batches= 256
[EVAL] receiver=paper_cfgres_phaseaware_ls_lmmse Eb/N0= 1.0 dB BER=1.52931e-01 BLER=1.00000e+00 NMSE=9.62987e-02 bit_err=22610676/147849216 blk_err=24576/24576  batches= 256
[EVAL] receiver=           upair5g_lmmse Eb/N0= 1.0 dB BER=1.35698e-01 BLER=1.00000e+00 NMSE=2.29051e-02 bit_err=20062897/147849216 blk_err=24576/24576  batches= 256
[EVAL] receiver=       perfect_csi_lmmse Eb/N0= 1.0 dB BER=1.24014e-01 BLER=1.00000e+00 NMSE=0.00000e+00 bit_err=18335373/147849216 blk_err=24576/24576  batches= 256
[EVAL] receiver=       baseline_ls_lmmse Eb/N0= 2.0 dB BER=1.29447e-01 BLER=1.00000e+00 NMSE=9.58342e-02 bit_err=19138711/147849216 blk_err=24576/24576  batches= 256
[EVAL] receiver=baseline_ls_2dlmmse_lmmse Eb/N0= 2.0 dB BER=2.35784e-01 BLER=1.00000e+00 NMSE=4.75366e-01 bit_err=34860553/147849216 blk_err=24576/24576  batches= 256
[EVAL] receiver= baseline_ddcpe_ls_lmmse Eb/N0= 2.0 dB BER=1.28755e-01 BLER=1.00000e+00 NMSE=9.45524e-02 bit_err=19036393/147849216 blk_err=24576/24576  batches= 256
[EVAL] receiver=paper_cfgres_phaseaware_ls_lmmse Eb/N0= 2.0 dB BER=1.29551e-01 BLER=1.00000e+00 NMSE=8.68970e-02 bit_err=19154056/147849216 blk_err=24576/24576  batches= 256
[EVAL] receiver=           upair5g_lmmse Eb/N0= 2.0 dB BER=1.05120e-01 BLER=1.00000e+00 NMSE=1.83183e-02 bit_err=15541908/147849216 blk_err=24576/24576  batches= 256
[EVAL] receiver=       perfect_csi_lmmse Eb/N0= 2.0 dB BER=8.71381e-02 BLER=1.00000e+00 NMSE=0.00000e+00 bit_err=12883304/147849216 blk_err=24576/24576  batches= 256
[EVAL] receiver=       baseline_ls_lmmse Eb/N0= 3.0 dB BER=9.62455e-02 BLER=1.00000e+00 NMSE=7.91681e-02 bit_err=14229826/147849216 blk_err=24576/24576  batches= 256
[EVAL] receiver=baseline_ls_2dlmmse_lmmse Eb/N0= 3.0 dB BER=2.22784e-01 BLER=1.00000e+00 NMSE=4.65194e-01 bit_err=32938380/147849216 blk_err=24576/24576  batches= 256
[EVAL] receiver= baseline_ddcpe_ls_lmmse Eb/N0= 3.0 dB BER=9.44610e-02 BLER=1.00000e+00 NMSE=7.72545e-02 bit_err=13965983/147849216 blk_err=24576/24576  batches= 256
[EVAL] receiver=paper_cfgres_phaseaware_ls_lmmse Eb/N0= 3.0 dB BER=9.99953e-02 BLER=1.00000e+00 NMSE=7.97625e-02 bit_err=14784233/147849216 blk_err=24576/24576  batches= 256
[EVAL] receiver=           upair5g_lmmse Eb/N0= 3.0 dB BER=5.08348e-02 BLER=9.28426e-01 NMSE=1.48795e-02 bit_err=7515888/147849216 blk_err=22817/24576  batches= 256
[EVAL] receiver=       perfect_csi_lmmse Eb/N0= 3.0 dB BER=2.44444e-02 BLER=6.07747e-01 NMSE=0.00000e+00 bit_err=3614079/147849216 blk_err=14936/24576  batches= 256
[EVAL] receiver=       baseline_ls_lmmse Eb/N0= 4.0 dB BER=4.30604e-02 BLER=7.84831e-01 NMSE=6.57180e-02 bit_err=6366439/147849216 blk_err=19288/24576  batches= 256
[EVAL] receiver=baseline_ls_2dlmmse_lmmse Eb/N0= 4.0 dB BER=2.10184e-01 BLER=9.99552e-01 NMSE=4.54217e-01 bit_err=31075589/147849216 blk_err=24565/24576  batches= 256
[EVAL] receiver= baseline_ddcpe_ls_lmmse Eb/N0= 4.0 dB BER=3.78263e-02 BLER=7.52645e-01 NMSE=6.30681e-02 bit_err=5592587/147849216 blk_err=18497/24576  batches= 256
[EVAL] receiver=paper_cfgres_phaseaware_ls_lmmse Eb/N0= 4.0 dB BER=5.23682e-02 BLER=8.31828e-01 NMSE=7.32781e-02 bit_err=7742596/147849216 blk_err=20443/24576  batches= 256
[EVAL] receiver=           upair5g_lmmse Eb/N0= 4.0 dB BER=7.86210e-03 BLER=2.12524e-01 NMSE=1.22411e-02 bit_err=1162406/147849216 blk_err= 5223/24576  batches= 256
[EVAL] receiver=       perfect_csi_lmmse Eb/N0= 4.0 dB BER=2.50820e-03 BLER=7.87760e-02 NMSE=0.00000e+00 bit_err=370836/147849216 blk_err= 1936/24576  batches= 256
[EVAL] receiver=       baseline_ls_lmmse Eb/N0= 5.0 dB BER=1.08992e-02 BLER=2.57324e-01 NMSE=5.52555e-02 bit_err=1611432/147849216 blk_err= 6324/24576  batches= 256
[EVAL] receiver=baseline_ls_2dlmmse_lmmse Eb/N0= 5.0 dB BER=2.00198e-01 BLER=9.95443e-01 NMSE=4.43137e-01 bit_err=29599145/147849216 blk_err=24464/24576  batches= 256
[EVAL] receiver= baseline_ddcpe_ls_lmmse Eb/N0= 5.0 dB BER=6.84236e-03 BLER=1.78182e-01 NMSE=5.17813e-02 bit_err=1011638/147849216 blk_err= 4379/24576  batches= 256
[EVAL] receiver=paper_cfgres_phaseaware_ls_lmmse Eb/N0= 5.0 dB BER=1.77426e-02 BLER=3.64827e-01 NMSE=6.85098e-02 bit_err=2623224/147849216 blk_err= 8966/24576  batches= 256
[EVAL] receiver=           upair5g_lmmse Eb/N0= 5.0 dB BER=1.01175e-03 BLER=2.81576e-02 NMSE=1.02568e-02 bit_err=149587/147849216 blk_err=  692/24576  batches= 256
[EVAL] receiver=       perfect_csi_lmmse Eb/N0= 5.0 dB BER=2.67184e-04 BLER=8.54492e-03 NMSE=0.00000e+00 bit_err= 39503/147849216 blk_err=  210/24576  batches= 256
[EVAL] receiver=       baseline_ls_lmmse Eb/N0= 6.0 dB BER=2.46580e-03 BLER=6.22420e-02 NMSE=4.69061e-02 bit_err=459981/186544128 blk_err= 1930/31008  batches= 323
[EVAL] receiver=baseline_ls_2dlmmse_lmmse Eb/N0= 6.0 dB BER=1.92221e-01 BLER=9.87842e-01 NMSE=4.37771e-01 bit_err=35857718/186544128 blk_err=30631/31008  batches= 323
[EVAL] receiver= baseline_ddcpe_ls_lmmse Eb/N0= 6.0 dB BER=9.25374e-04 BLER=2.59933e-02 NMSE=4.26515e-02 bit_err=172623/186544128 blk_err=  806/31008  batches= 323
[EVAL] receiver=paper_cfgres_phaseaware_ls_lmmse Eb/N0= 6.0 dB BER=4.84920e-03 BLER=1.14583e-01 NMSE=6.43857e-02 bit_err=904589/186544128 blk_err= 3553/31008  batches= 323
[EVAL] receiver=           upair5g_lmmse Eb/N0= 6.0 dB BER=1.04688e-04 BLER=3.22497e-03 NMSE=8.74015e-03 bit_err= 19529/186544128 blk_err=  100/31008  batches= 323
[EVAL] receiver=       perfect_csi_lmmse Eb/N0= 6.0 dB BER=1.56424e-05 BLER=7.41744e-04 NMSE=0.00000e+00 bit_err=  2918/186544128 blk_err=   23/31008  batches= 323
[EVAL] receiver=       baseline_ls_lmmse Eb/N0= 7.0 dB BER=5.81359e-04 BLER=1.44857e-02 NMSE=4.02877e-02 bit_err=343814/591396864 blk_err= 1424/98304  batches=1024
[EVAL] receiver=baseline_ls_2dlmmse_lmmse Eb/N0= 7.0 dB BER=1.85557e-01 BLER=9.75474e-01 NMSE=4.30369e-01 bit_err=109737738/591396864 blk_err=95893/98304  batches=1024
[EVAL] receiver= baseline_ddcpe_ls_lmmse Eb/N0= 7.0 dB BER=1.38792e-04 BLER=3.90625e-03 NMSE=3.53206e-02 bit_err= 82081/591396864 blk_err=  384/98304  batches=1024
[EVAL] receiver=paper_cfgres_phaseaware_ls_lmmse Eb/N0= 7.0 dB BER=1.44074e-03 BLER=3.55021e-02 NMSE=6.10824e-02 bit_err=852050/591396864 blk_err= 3490/98304  batches=1024
[EVAL] receiver=           upair5g_lmmse Eb/N0= 7.0 dB BER=1.31468e-05 BLER=4.17074e-04 NMSE=7.53986e-03 bit_err=  7775/591396864 blk_err=   41/98304  batches=1024
[EVAL] receiver=       perfect_csi_lmmse Eb/N0= 7.0 dB BER=1.46771e-06 BLER=5.08626e-05 NMSE=0.00000e+00 bit_err=   868/591396864 blk_err=    5/98304  batches=1024
[EVAL] receiver=       baseline_ls_lmmse Eb/N0= 8.0 dB BER=1.53011e-04 BLER=4.09953e-03 NMSE=3.50130e-02 bit_err= 90490/591396864 blk_err=  403/98304  batches=1024
[EVAL] receiver=baseline_ls_2dlmmse_lmmse Eb/N0= 8.0 dB BER=1.80771e-01 BLER=9.63440e-01 NMSE=4.24342e-01 bit_err=106907123/591396864 blk_err=94710/98304  batches=1024
[EVAL] receiver= baseline_ddcpe_ls_lmmse Eb/N0= 8.0 dB BER=3.31639e-05 BLER=7.83285e-04 NMSE=2.94918e-02 bit_err= 19613/591396864 blk_err=   77/98304  batches=1024
[EVAL] receiver=paper_cfgres_phaseaware_ls_lmmse Eb/N0= 8.0 dB BER=5.41520e-04 BLER=1.24919e-02 NMSE=5.84277e-02 bit_err=320253/591396864 blk_err= 1228/98304  batches=1024
[EVAL] receiver=           upair5g_lmmse Eb/N0= 8.0 dB BER=3.54415e-06 BLER=6.10352e-05 NMSE=6.58758e-03 bit_err=  2096/591396864 blk_err=    6/98304  batches=1024
[EVAL] receiver=       perfect_csi_lmmse Eb/N0= 8.0 dB BER=1.43728e-07 BLER=1.01725e-05 NMSE=0.00000e+00 bit_err=    85/591396864 blk_err=    1/98304  batches=1024
[EVAL] receiver=       baseline_ls_lmmse Eb/N0= 9.0 dB BER=6.01390e-05 BLER=1.42415e-03 NMSE=3.08454e-02 bit_err= 35566/591396864 blk_err=  140/98304  batches=1024
[EVAL] receiver=baseline_ls_2dlmmse_lmmse Eb/N0= 9.0 dB BER=1.77044e-01 BLER=9.53084e-01 NMSE=4.19334e-01 bit_err=104703156/591396864 blk_err=93692/98304  batches=1024
[EVAL] receiver= baseline_ddcpe_ls_lmmse Eb/N0= 9.0 dB BER=1.51641e-05 BLER=3.15348e-04 NMSE=2.49203e-02 bit_err=  8968/591396864 blk_err=   31/98304  batches=1024
[EVAL] receiver=paper_cfgres_phaseaware_ls_lmmse Eb/N0= 9.0 dB BER=2.50329e-04 BLER=5.55420e-03 NMSE=5.63345e-02 bit_err=148044/591396864 blk_err=  546/98304  batches=1024
[EVAL] receiver=           upair5g_lmmse Eb/N0= 9.0 dB BER=3.21273e-07 BLER=1.01725e-05 NMSE=5.81864e-03 bit_err=   190/591396864 blk_err=    1/98304  batches=1024
[EVAL] receiver=       perfect_csi_lmmse Eb/N0= 9.0 dB BER=2.02909e-08 BLER=1.01725e-05 NMSE=0.00000e+00 bit_err=    12/591396864 blk_err=    1/98304  batches=1024
slurmstepd: error: *** JOB 58303310 ON ng11004 CANCELLED AT 2026-03-25T10:51:02 DUE TO TIME LIMIT ***
