Traceback (most recent call last):
  File "/home/rsadve1/PROJECT/Universal_Receiver/venv_universal_receiver/lib/python3.10/site-packages/pandas/core/indexes/base.py", line 3805, in get_loc
    return self._engine.get_loc(casted_key)
  File "index.pyx", line 167, in pandas._libs.index.IndexEngine.get_loc
  File "index.pyx", line 196, in pandas._libs.index.IndexEngine.get_loc
  File "pandas/_libs/hashtable_class_helper.pxi", line 7081, in pandas._libs.hashtable.PyObjectHashTable.get_item
  File "pandas/_libs/hashtable_class_helper.pxi", line 7089, in pandas._libs.hashtable.PyObjectHashTable.get_item
KeyError: 'ber'

The above exception was the direct cause of the following exception:

Traceback (most recent call last):
  File "/home/rsadve1/PROJECT/Universal_Receiver/scripts/make_twc_plots2.py", line 316, in <module>
    main()
  File "/home/rsadve1/PROJECT/Universal_Receiver/scripts/make_twc_plots2.py", line 297, in main
    _main_gain(dfs["mild_main"])
  File "/home/rsadve1/PROJECT/Universal_Receiver/scripts/make_twc_plots2.py", line 225, in _main_gain
    gain = _gain_df(df, "mild_main")
  File "/home/rsadve1/PROJECT/Universal_Receiver/scripts/make_twc_plots2.py", line 144, in _gain_df
    den = tmp[metric].to_numpy(dtype=float)
  File "/home/rsadve1/PROJECT/Universal_Receiver/venv_universal_receiver/lib/python3.10/site-packages/pandas/core/frame.py", line 4102, in __getitem__
    indexer = self.columns.get_loc(key)
  File "/home/rsadve1/PROJECT/Universal_Receiver/venv_universal_receiver/lib/python3.10/site-packages/pandas/core/indexes/base.py", line 3812, in get_loc
    raise KeyError(key) from err
KeyError: 'ber'
