The following modules were not unloaded:
  (Use "module --force purge" to unload all):

  1) CCconfig        6)  ucx/1.14.1         11) flexiblas/3.3.1
  2) gentoo/2023     7)  libfabric/1.18.0   12) blis/0.9.0
  3) gcccore/.12.3   8)  pmix/4.2.4         13) StdEnv/2023
  4) gcc/12.3        9)  ucc/1.2.0
  5) hwloc/2.9.1     10) openmpi/4.1.5
Identity-init LS regression passed.
Checkpoint build/save/load regression passed.
[BASELINES] Estimating empirical LMMSE covariances with num_batches=16 batch_size=32 use_training_impairments=False
[BASELINES] Estimating empirical LMMSE covariances with num_batches=16 batch_size=32 use_training_impairments=True
[BASELINES] Estimating empirical LMMSE covariances with num_batches=16 batch_size=32 use_training_impairments=True
Baseline forward passed: baseline_ls_lmmse
Baseline forward passed: baseline_ls_timeavg_lmmse
Baseline forward passed: baseline_ls_2dlmmse_lmmse
Baseline forward passed: baseline_ddcpe_ls_lmmse
Baseline forward passed: paper_cfgres_ls_lmmse
Baseline forward passed: paper_cfgres_phaseaware_ls_lmmse
Baseline forward passed: upair5g_lmmse
Baseline forward passed: perfect_csi_lmmse
Richer-baselines regression passed.
Phase-aware identity/build regression passed.
Paper configured-reservoir regression passed.
Phase-aware paper configured-reservoir regression passed.
Phase-aware paper comparator warning-free regression passed.
[CONTROL] Running clean-control evaluation with the existing trained UPAIR checkpoint.
[EVAL] receiver=       baseline_ls_lmmse Eb/N0= 0.0 dB BER=9.30862e-03 BLER=7.79948e-02 NMSE=1.95055e-01
[EVAL] receiver=baseline_ls_timeavg_lmmse Eb/N0= 0.0 dB BER=9.30541e-03 BLER=7.81250e-02 NMSE=1.95055e-01
[EVAL] receiver=baseline_ls_2dlmmse_lmmse Eb/N0= 0.0 dB BER=1.71903e-01 BLER=8.80208e-01 NMSE=5.75160e-01
[EVAL] receiver= baseline_ddcpe_ls_lmmse Eb/N0= 0.0 dB BER=7.71558e-03 BLER=6.84896e-02 NMSE=1.91741e-01
[EVAL] receiver=   paper_cfgres_ls_lmmse Eb/N0= 0.0 dB BER=4.48409e-02 BLER=2.86719e-01 NMSE=2.87732e-01
[EVAL] receiver=paper_cfgres_phaseaware_ls_lmmse Eb/N0= 0.0 dB BER=5.53830e-03 BLER=4.88281e-02 NMSE=1.54125e-01
[EVAL] receiver=           upair5g_lmmse Eb/N0= 0.0 dB BER=1.43662e-04 BLER=1.95312e-03 NMSE=5.65119e-02
[EVAL] receiver=       perfect_csi_lmmse Eb/N0= 0.0 dB BER=0.00000e+00 BLER=0.00000e+00 NMSE=0.00000e+00
[EVAL] receiver=       baseline_ls_lmmse Eb/N0= 2.0 dB BER=2.87150e-03 BLER=2.21354e-02 NMSE=1.46190e-01
[EVAL] receiver=baseline_ls_timeavg_lmmse Eb/N0= 2.0 dB BER=2.85759e-03 BLER=2.18750e-02 NMSE=1.46190e-01
[EVAL] receiver=baseline_ls_2dlmmse_lmmse Eb/N0= 2.0 dB BER=1.26966e-01 BLER=6.83203e-01 NMSE=5.42467e-01
[EVAL] receiver= baseline_ddcpe_ls_lmmse Eb/N0= 2.0 dB BER=2.05774e-03 BLER=1.66667e-02 NMSE=1.39422e-01
[EVAL] receiver=   paper_cfgres_ls_lmmse Eb/N0= 2.0 dB BER=3.47268e-02 BLER=1.91797e-01 NMSE=2.78228e-01
[EVAL] receiver=paper_cfgres_phaseaware_ls_lmmse Eb/N0= 2.0 dB BER=2.04835e-03 BLER=1.62760e-02 NMSE=1.29348e-01
[EVAL] receiver=           upair5g_lmmse Eb/N0= 2.0 dB BER=6.06196e-05 BLER=5.20833e-04 NMSE=3.80883e-02
[EVAL] receiver=       perfect_csi_lmmse Eb/N0= 2.0 dB BER=0.00000e+00 BLER=0.00000e+00 NMSE=0.00000e+00
[EVAL] receiver=       baseline_ls_lmmse Eb/N0= 4.0 dB BER=1.27328e-03 BLER=1.05469e-02 NMSE=1.16657e-01
[EVAL] receiver=baseline_ls_timeavg_lmmse Eb/N0= 4.0 dB BER=1.26648e-03 BLER=1.05469e-02 NMSE=1.16657e-01
[EVAL] receiver=baseline_ls_2dlmmse_lmmse Eb/N0= 4.0 dB BER=1.03318e-01 BLER=5.49219e-01 NMSE=5.20069e-01
[EVAL] receiver= baseline_ddcpe_ls_lmmse Eb/N0= 4.0 dB BER=5.39661e-04 BLER=5.33854e-03 NMSE=1.05889e-01
[EVAL] receiver=   paper_cfgres_ls_lmmse Eb/N0= 4.0 dB BER=3.50918e-02 BLER=1.75130e-01 NMSE=2.80701e-01
[EVAL] receiver=paper_cfgres_phaseaware_ls_lmmse Eb/N0= 4.0 dB BER=1.49914e-03 BLER=9.63542e-03 NMSE=1.15222e-01
[EVAL] receiver=           upair5g_lmmse Eb/N0= 4.0 dB BER=0.00000e+00 BLER=0.00000e+00 NMSE=2.80245e-02
[EVAL] receiver=       perfect_csi_lmmse Eb/N0= 4.0 dB BER=0.00000e+00 BLER=0.00000e+00 NMSE=0.00000e+00
[EVAL] receiver=       baseline_ls_lmmse Eb/N0= 6.0 dB BER=7.78350e-04 BLER=1.21094e-02 NMSE=9.82358e-02
[EVAL] receiver=baseline_ls_timeavg_lmmse Eb/N0= 6.0 dB BER=7.74716e-04 BLER=1.21094e-02 NMSE=9.82358e-02
[EVAL] receiver=baseline_ls_2dlmmse_lmmse Eb/N0= 6.0 dB BER=8.49450e-02 BLER=4.43750e-01 NMSE=5.00854e-01
[EVAL] receiver= baseline_ddcpe_ls_lmmse Eb/N0= 6.0 dB BER=2.31421e-04 BLER=6.64062e-03 NMSE=8.42095e-02
[EVAL] receiver=   paper_cfgres_ls_lmmse Eb/N0= 6.0 dB BER=3.02933e-02 BLER=1.50781e-01 NMSE=2.79476e-01
[EVAL] receiver=paper_cfgres_phaseaware_ls_lmmse Eb/N0= 6.0 dB BER=8.38081e-04 BLER=6.77083e-03 NMSE=1.04777e-01
[EVAL] receiver=           upair5g_lmmse Eb/N0= 6.0 dB BER=0.00000e+00 BLER=0.00000e+00 NMSE=2.18535e-02
[EVAL] receiver=       perfect_csi_lmmse Eb/N0= 6.0 dB BER=0.00000e+00 BLER=0.00000e+00 NMSE=0.00000e+00
[EVAL] receiver=       baseline_ls_lmmse Eb/N0= 8.0 dB BER=6.29624e-04 BLER=1.78385e-02 NMSE=8.59716e-02
[EVAL] receiver=baseline_ls_timeavg_lmmse Eb/N0= 8.0 dB BER=6.43658e-04 BLER=1.78385e-02 NMSE=8.59716e-02
[EVAL] receiver=baseline_ls_2dlmmse_lmmse Eb/N0= 8.0 dB BER=7.19764e-02 BLER=3.85677e-01 NMSE=4.87085e-01
[EVAL] receiver= baseline_ddcpe_ls_lmmse Eb/N0= 8.0 dB BER=2.29450e-04 BLER=8.20313e-03 NMSE=6.99866e-02
[EVAL] receiver=   paper_cfgres_ls_lmmse Eb/N0= 8.0 dB BER=3.01099e-02 BLER=1.62500e-01 NMSE=2.78970e-01
[EVAL] receiver=paper_cfgres_phaseaware_ls_lmmse Eb/N0= 8.0 dB BER=6.57421e-04 BLER=1.10677e-02 NMSE=9.81138e-02
[EVAL] receiver=           upair5g_lmmse Eb/N0= 8.0 dB BER=0.00000e+00 BLER=0.00000e+00 NMSE=1.75146e-02
[EVAL] receiver=       perfect_csi_lmmse Eb/N0= 8.0 dB BER=0.00000e+00 BLER=0.00000e+00 NMSE=0.00000e+00
[EVAL] receiver=       baseline_ls_lmmse Eb/N0=10.0 dB BER=7.61031e-04 BLER=3.19010e-02 NMSE=7.94835e-02
[EVAL] receiver=baseline_ls_timeavg_lmmse Eb/N0=10.0 dB BER=7.61069e-04 BLER=3.19010e-02 NMSE=7.94835e-02
[EVAL] receiver=baseline_ls_2dlmmse_lmmse Eb/N0=10.0 dB BER=6.49240e-02 BLER=3.83724e-01 NMSE=4.77102e-01
[EVAL] receiver= baseline_ddcpe_ls_lmmse Eb/N0=10.0 dB BER=6.53361e-06 BLER=1.28906e-02 NMSE=6.23467e-02
[EVAL] receiver=   paper_cfgres_ls_lmmse Eb/N0=10.0 dB BER=3.21161e-02 BLER=2.00781e-01 NMSE=2.78607e-01
[EVAL] receiver=paper_cfgres_phaseaware_ls_lmmse Eb/N0=10.0 dB BER=9.01059e-04 BLER=1.74479e-02 NMSE=9.47221e-02
[EVAL] receiver=           upair5g_lmmse Eb/N0=10.0 dB BER=0.00000e+00 BLER=0.00000e+00 NMSE=1.49288e-02
[EVAL] receiver=       perfect_csi_lmmse Eb/N0=10.0 dB BER=0.00000e+00 BLER=0.00000e+00 NMSE=0.00000e+00
[EVAL] receiver=       baseline_ls_lmmse Eb/N0=12.0 dB BER=8.28725e-04 BLER=3.94531e-02 NMSE=7.32542e-02
[EVAL] receiver=baseline_ls_timeavg_lmmse Eb/N0=12.0 dB BER=8.38970e-04 BLER=3.94531e-02 NMSE=7.32542e-02
[EVAL] receiver=baseline_ls_2dlmmse_lmmse Eb/N0=12.0 dB BER=6.10662e-02 BLER=4.17969e-01 NMSE=4.65465e-01
[EVAL] receiver= baseline_ddcpe_ls_lmmse Eb/N0=12.0 dB BER=1.99488e-04 BLER=1.74479e-02 NMSE=5.58083e-02
[EVAL] receiver=   paper_cfgres_ls_lmmse Eb/N0=12.0 dB BER=3.45819e-02 BLER=2.34766e-01 NMSE=2.78686e-01
[EVAL] receiver=paper_cfgres_phaseaware_ls_lmmse Eb/N0=12.0 dB BER=6.43116e-04 BLER=2.22656e-02 NMSE=9.18766e-02
[EVAL] receiver=           upair5g_lmmse Eb/N0=12.0 dB BER=3.16242e-05 BLER=1.30208e-04 NMSE=1.31911e-02
[EVAL] receiver=       perfect_csi_lmmse Eb/N0=12.0 dB BER=0.00000e+00 BLER=0.00000e+00 NMSE=0.00000e+00
[EVAL] receiver=       baseline_ls_lmmse Eb/N0=14.0 dB BER=1.47389e-03 BLER=5.65104e-02 NMSE=7.10085e-02
[EVAL] receiver=baseline_ls_timeavg_lmmse Eb/N0=14.0 dB BER=1.47312e-03 BLER=5.69010e-02 NMSE=7.10085e-02
[EVAL] receiver=baseline_ls_2dlmmse_lmmse Eb/N0=14.0 dB BER=5.67239e-02 BLER=4.48047e-01 NMSE=4.53246e-01
[EVAL] receiver= baseline_ddcpe_ls_lmmse Eb/N0=14.0 dB BER=3.15894e-04 BLER=1.97917e-02 NMSE=5.34386e-02
[EVAL] receiver=   paper_cfgres_ls_lmmse Eb/N0=14.0 dB BER=3.92475e-02 BLER=2.70443e-01 NMSE=2.81360e-01
[EVAL] receiver=paper_cfgres_phaseaware_ls_lmmse Eb/N0=14.0 dB BER=1.34906e-03 BLER=2.83854e-02 NMSE=9.20131e-02
[EVAL] receiver=           upair5g_lmmse Eb/N0=14.0 dB BER=0.00000e+00 BLER=0.00000e+00 NMSE=1.21168e-02
[EVAL] receiver=       perfect_csi_lmmse Eb/N0=14.0 dB BER=0.00000e+00 BLER=0.00000e+00 NMSE=0.00000e+00
[EVAL] receiver=       baseline_ls_lmmse Eb/N0=16.0 dB BER=1.54197e-03 BLER=6.69271e-02 NMSE=6.88187e-02
[EVAL] receiver=baseline_ls_timeavg_lmmse Eb/N0=16.0 dB BER=1.54622e-03 BLER=6.70573e-02 NMSE=6.88187e-02
[EVAL] receiver=baseline_ls_2dlmmse_lmmse Eb/N0=16.0 dB BER=5.23979e-02 BLER=4.43490e-01 NMSE=4.38589e-01
[EVAL] receiver= baseline_ddcpe_ls_lmmse Eb/N0=16.0 dB BER=3.99362e-04 BLER=2.13542e-02 NMSE=5.10962e-02
[EVAL] receiver=   paper_cfgres_ls_lmmse Eb/N0=16.0 dB BER=4.13145e-02 BLER=3.11458e-01 NMSE=2.83490e-01
[EVAL] receiver=paper_cfgres_phaseaware_ls_lmmse Eb/N0=16.0 dB BER=1.41764e-03 BLER=3.45052e-02 NMSE=9.25736e-02
[EVAL] receiver=           upair5g_lmmse Eb/N0=16.0 dB BER=0.00000e+00 BLER=0.00000e+00 NMSE=1.12826e-02
[EVAL] receiver=       perfect_csi_lmmse Eb/N0=16.0 dB BER=0.00000e+00 BLER=0.00000e+00 NMSE=0.00000e+00
{'eval': {'output_dir': '/home/rsadve1/PROJECT/Universal_Receiver/outputs/upair_cdlc_highmobility_paper_phasefair_cleancontrol', 'curves_path': '/home/rsadve1/PROJECT/Universal_Receiver/outputs/upair_cdlc_highmobility_paper_phasefair_cleancontrol/metrics/curves.csv', 'summary_path': '/home/rsadve1/PROJECT/Universal_Receiver/outputs/upair_cdlc_highmobility_paper_phasefair_cleancontrol/metrics/evaluation_summary.json'}, 'plots': {'plots_dir': '/home/rsadve1/PROJECT/Universal_Receiver/outputs/upair_cdlc_highmobility_paper_phasefair_cleancontrol/plots'}}
