The following modules were not unloaded:
  (Use "module --force purge" to unload all):

  1) CCconfig        6)  ucx/1.14.1         11) flexiblas/3.3.1
  2) gentoo/2023     7)  libfabric/1.18.0   12) blis/0.9.0
  3) gcccore/.12.3   8)  pmix/4.2.4         13) StdEnv/2023
  4) gcc/12.3        9)  ucc/1.2.0
  5) hwloc/2.9.1     10) openmpi/4.1.5
Identity-init LS regression passed.
Checkpoint build/save/load regression passed.
[BASELINES] Estimating empirical LMMSE covariances with num_batches=24 batch_size=48 use_training_impairments=True
Baseline forward passed: baseline_ls_lmmse
Baseline forward passed: baseline_ddcpe_ls_lmmse
Baseline forward passed: paper_cfgres_phaseaware_ls_lmmse
Baseline forward passed: upair5g_lmmse
Baseline forward passed: perfect_csi_lmmse
Richer-baselines regression passed.
Phase-aware identity/build regression passed.
Phase-aware paper configured-reservoir regression passed.
Phase-aware paper comparator warning-free regression passed.
[TRAIN] step=00001 loss=-2.87529 nmse_prop=0.02061 nmse_ls=0.02061
[TRAIN] step=00100 loss=-2.17805 nmse_prop=0.04153 nmse_ls=0.04534
[TRAIN] step=00200 loss=-3.10583 nmse_prop=0.01767 nmse_ls=0.02108
[TRAIN] step=00300 loss=-1.73726 nmse_prop=0.05525 nmse_ls=0.10489
[TRAIN] step=00400 loss=-3.06798 nmse_prop=0.01768 nmse_ls=0.03088
[TRAIN] step=00500 loss=-3.44478 nmse_prop=0.01354 nmse_ls=0.02082
[TRAIN] step=00600 loss=-2.64926 nmse_prop=0.02205 nmse_ls=0.05062
[TRAIN] step=00700 loss=-1.61514 nmse_prop=0.04831 nmse_ls=0.13505
[TRAIN] step=00800 loss=-3.43624 nmse_prop=0.01255 nmse_ls=0.02425
[TRAIN] step=00900 loss=-3.76247 nmse_prop=0.01044 nmse_ls=0.01575
[TRAIN] step=01000 loss=-1.98446 nmse_prop=0.03389 nmse_ls=0.09893
[TRAIN] step=01100 loss=-1.92454 nmse_prop=0.03413 nmse_ls=0.10466
[TRAIN] step=01200 loss=-3.85107 nmse_prop=0.01019 nmse_ls=0.01862
[TRAIN] step=01300 loss=-2.45675 nmse_prop=0.02243 nmse_ls=0.06590
[TRAIN] step=01400 loss=-3.76748 nmse_prop=0.00997 nmse_ls=0.01830
[TRAIN] step=01500 loss=-3.48499 nmse_prop=0.01053 nmse_ls=0.02734
[TRAIN] step=01600 loss=-1.72991 nmse_prop=0.03808 nmse_ls=0.13051
[TRAIN] step=01700 loss=-2.63502 nmse_prop=0.01880 nmse_ls=0.05680
[TRAIN] step=01800 loss=-2.35476 nmse_prop=0.02172 nmse_ls=0.07594
[TRAIN] step=01900 loss=-1.80770 nmse_prop=0.03356 nmse_ls=0.12573
[TRAIN] step=02000 loss=-2.27853 nmse_prop=0.02400 nmse_ls=0.07995
[TRAIN] step=02100 loss=-2.91578 nmse_prop=0.01361 nmse_ls=0.04631
[TRAIN] step=02200 loss=-1.95397 nmse_prop=0.03111 nmse_ls=0.11004
[TRAIN] step=02300 loss=-3.92961 nmse_prop=0.00661 nmse_ls=0.02030
[TRAIN] step=02400 loss=-2.00522 nmse_prop=0.02728 nmse_ls=0.10325
[TRAIN] step=02500 loss=-2.90746 nmse_prop=0.01289 nmse_ls=0.04656
[TRAIN] step=02600 loss=-2.75923 nmse_prop=0.01445 nmse_ls=0.05674
[TRAIN] step=02700 loss=-2.81599 nmse_prop=0.01378 nmse_ls=0.05275
[TRAIN] step=02800 loss=-2.10978 nmse_prop=0.02256 nmse_ls=0.09714
[TRAIN] step=02900 loss=-3.71239 nmse_prop=0.00828 nmse_ls=0.02434
[TRAIN] step=03000 loss=-1.87237 nmse_prop=0.02619 nmse_ls=0.12146
[TRAIN] step=03100 loss=-2.17069 nmse_prop=0.01992 nmse_ls=0.09279
[TRAIN] step=03200 loss=-4.26257 nmse_prop=0.00518 nmse_ls=0.01899
[TRAIN] step=03300 loss=-1.97009 nmse_prop=0.02388 nmse_ls=0.11147
[TRAIN] step=03400 loss=-4.34353 nmse_prop=0.00468 nmse_ls=0.01822
[TRAIN] step=03500 loss=-3.98120 nmse_prop=0.00645 nmse_ls=0.02381
[TRAIN] step=03600 loss=-3.48521 nmse_prop=0.00782 nmse_ls=0.03194
[TRAIN] step=03700 loss=-2.19677 nmse_prop=0.02004 nmse_ls=0.09563
[TRAIN] step=03800 loss=-3.05142 nmse_prop=0.00995 nmse_ls=0.04410
[TRAIN] step=03900 loss=-3.24016 nmse_prop=0.00935 nmse_ls=0.04068
[TRAIN] step=04000 loss=-4.34152 nmse_prop=0.00456 nmse_ls=0.02018
[TRAIN] step=04100 loss=-2.71347 nmse_prop=0.01206 nmse_ls=0.05955
[TRAIN] step=04200 loss=-2.61491 nmse_prop=0.01267 nmse_ls=0.06411
[TRAIN] step=04300 loss=-1.99896 nmse_prop=0.02123 nmse_ls=0.11683
[TRAIN] step=04400 loss=-1.94862 nmse_prop=0.02213 nmse_ls=0.12112
[TRAIN] step=04500 loss=-4.15555 nmse_prop=0.00470 nmse_ls=0.02439
[EVAL] receiver=       baseline_ls_lmmse Eb/N0= 0.0 dB BER=8.79866e-02 BLER=1.00000e+00 NMSE=1.43047e-01
[EVAL] receiver= baseline_ddcpe_ls_lmmse Eb/N0= 0.0 dB BER=8.69627e-02 BLER=1.00000e+00 NMSE=1.42012e-01
[EVAL] receiver=paper_cfgres_phaseaware_ls_lmmse Eb/N0= 0.0 dB BER=6.96930e-02 BLER=9.99858e-01 NMSE=9.23292e-02
[EVAL] receiver=           upair5g_lmmse Eb/N0= 0.0 dB BER=2.10865e-02 BLER=7.70650e-01 NMSE=2.52035e-02
[EVAL] receiver=       perfect_csi_lmmse Eb/N0= 0.0 dB BER=2.60776e-03 BLER=1.35742e-01 NMSE=0.00000e+00
[EVAL] receiver=       baseline_ls_lmmse Eb/N0= 2.0 dB BER=3.29886e-03 BLER=1.07727e-01 NMSE=9.55265e-02
[EVAL] receiver= baseline_ddcpe_ls_lmmse Eb/N0= 2.0 dB BER=1.52408e-03 BLER=5.88582e-02 NMSE=9.28986e-02
[EVAL] receiver=paper_cfgres_phaseaware_ls_lmmse Eb/N0= 2.0 dB BER=2.05238e-03 BLER=6.23372e-02 NMSE=7.03921e-02
[EVAL] receiver=           upair5g_lmmse Eb/N0= 2.0 dB BER=1.70072e-05 BLER=8.74839e-04 NMSE=1.65119e-02
[EVAL] receiver=       perfect_csi_lmmse Eb/N0= 2.0 dB BER=1.48800e-06 BLER=6.10353e-05 NMSE=0.00000e+00
[EVAL] receiver=       baseline_ls_lmmse Eb/N0= 4.0 dB BER=4.21646e-05 BLER=1.38347e-03 NMSE=6.55807e-02
[EVAL] receiver= baseline_ddcpe_ls_lmmse Eb/N0= 4.0 dB BER=9.16812e-06 BLER=2.84831e-04 NMSE=6.10710e-02
[EVAL] receiver=paper_cfgres_phaseaware_ls_lmmse Eb/N0= 4.0 dB BER=7.88202e-05 BLER=2.15658e-03 NMSE=5.58491e-02
[EVAL] receiver=           upair5g_lmmse Eb/N0= 4.0 dB BER=0.00000e+00 BLER=0.00000e+00 NMSE=1.14583e-02
[EVAL] receiver=       perfect_csi_lmmse Eb/N0= 4.0 dB BER=0.00000e+00 BLER=0.00000e+00 NMSE=0.00000e+00
[EVAL] receiver=       baseline_ls_lmmse Eb/N0= 6.0 dB BER=1.14306e-06 BLER=4.06902e-05 NMSE=4.66734e-02
[EVAL] receiver= baseline_ddcpe_ls_lmmse Eb/N0= 6.0 dB BER=0.00000e+00 BLER=0.00000e+00 NMSE=4.08828e-02
[EVAL] receiver=paper_cfgres_phaseaware_ls_lmmse Eb/N0= 6.0 dB BER=8.49514e-06 BLER=2.03451e-04 NMSE=4.66552e-02
[EVAL] receiver=           upair5g_lmmse Eb/N0= 6.0 dB BER=0.00000e+00 BLER=0.00000e+00 NMSE=8.31361e-03
[EVAL] receiver=       perfect_csi_lmmse Eb/N0= 6.0 dB BER=0.00000e+00 BLER=0.00000e+00 NMSE=0.00000e+00
[EVAL] receiver=       baseline_ls_lmmse Eb/N0= 8.0 dB BER=0.00000e+00 BLER=0.00000e+00 NMSE=3.47587e-02
[EVAL] receiver= baseline_ddcpe_ls_lmmse Eb/N0= 8.0 dB BER=0.00000e+00 BLER=0.00000e+00 NMSE=2.83867e-02
[EVAL] receiver=paper_cfgres_phaseaware_ls_lmmse Eb/N0= 8.0 dB BER=1.06527e-06 BLER=4.06902e-05 NMSE=4.11113e-02
[EVAL] receiver=           upair5g_lmmse Eb/N0= 8.0 dB BER=0.00000e+00 BLER=0.00000e+00 NMSE=6.36667e-03
[EVAL] receiver=       perfect_csi_lmmse Eb/N0= 8.0 dB BER=0.00000e+00 BLER=0.00000e+00 NMSE=0.00000e+00
[EVAL] receiver=       baseline_ls_lmmse Eb/N0=10.0 dB BER=0.00000e+00 BLER=0.00000e+00 NMSE=2.74008e-02
[EVAL] receiver= baseline_ddcpe_ls_lmmse Eb/N0=10.0 dB BER=0.00000e+00 BLER=0.00000e+00 NMSE=2.06842e-02
[EVAL] receiver=paper_cfgres_phaseaware_ls_lmmse Eb/N0=10.0 dB BER=0.00000e+00 BLER=0.00000e+00 NMSE=3.78126e-02
[EVAL] receiver=           upair5g_lmmse Eb/N0=10.0 dB BER=0.00000e+00 BLER=0.00000e+00 NMSE=5.11384e-03
[EVAL] receiver=       perfect_csi_lmmse Eb/N0=10.0 dB BER=0.00000e+00 BLER=0.00000e+00 NMSE=0.00000e+00
[EVAL] receiver=       baseline_ls_lmmse Eb/N0=12.0 dB BER=0.00000e+00 BLER=0.00000e+00 NMSE=2.24655e-02
[EVAL] receiver= baseline_ddcpe_ls_lmmse Eb/N0=12.0 dB BER=0.00000e+00 BLER=0.00000e+00 NMSE=1.57394e-02
[EVAL] receiver=paper_cfgres_phaseaware_ls_lmmse Eb/N0=12.0 dB BER=0.00000e+00 BLER=0.00000e+00 NMSE=3.56412e-02
[EVAL] receiver=           upair5g_lmmse Eb/N0=12.0 dB BER=0.00000e+00 BLER=0.00000e+00 NMSE=4.24824e-03
[EVAL] receiver=       perfect_csi_lmmse Eb/N0=12.0 dB BER=0.00000e+00 BLER=0.00000e+00 NMSE=0.00000e+00
[EVAL] receiver=       baseline_ls_lmmse Eb/N0=14.0 dB BER=3.38182e-09 BLER=2.03451e-05 NMSE=1.95253e-02
[EVAL] receiver= baseline_ddcpe_ls_lmmse Eb/N0=14.0 dB BER=0.00000e+00 BLER=0.00000e+00 NMSE=1.27422e-02
[EVAL] receiver=paper_cfgres_phaseaware_ls_lmmse Eb/N0=14.0 dB BER=3.38182e-09 BLER=2.03451e-05 NMSE=3.45187e-02
[EVAL] receiver=           upair5g_lmmse Eb/N0=14.0 dB BER=0.00000e+00 BLER=0.00000e+00 NMSE=3.68389e-03
[EVAL] receiver=       perfect_csi_lmmse Eb/N0=14.0 dB BER=0.00000e+00 BLER=0.00000e+00 NMSE=0.00000e+00
[EVAL] receiver=       baseline_ls_lmmse Eb/N0=16.0 dB BER=1.69091e-08 BLER=1.01725e-04 NMSE=1.75987e-02
[EVAL] receiver= baseline_ddcpe_ls_lmmse Eb/N0=16.0 dB BER=0.00000e+00 BLER=0.00000e+00 NMSE=1.08356e-02
[EVAL] receiver=paper_cfgres_phaseaware_ls_lmmse Eb/N0=16.0 dB BER=6.76365e-09 BLER=4.06902e-05 NMSE=3.41137e-02
[EVAL] receiver=           upair5g_lmmse Eb/N0=16.0 dB BER=0.00000e+00 BLER=0.00000e+00 NMSE=3.30177e-03
[EVAL] receiver=       perfect_csi_lmmse Eb/N0=16.0 dB BER=0.00000e+00 BLER=0.00000e+00 NMSE=0.00000e+00
[EVAL] receiver=       baseline_ls_lmmse Eb/N0=18.0 dB BER=6.42547e-08 BLER=3.05176e-04 NMSE=1.64943e-02
[EVAL] receiver= baseline_ddcpe_ls_lmmse Eb/N0=18.0 dB BER=0.00000e+00 BLER=0.00000e+00 NMSE=9.68236e-03
[EVAL] receiver=paper_cfgres_phaseaware_ls_lmmse Eb/N0=18.0 dB BER=1.27833e-06 BLER=1.01725e-04 NMSE=3.44925e-02
[EVAL] receiver=           upair5g_lmmse Eb/N0=18.0 dB BER=0.00000e+00 BLER=0.00000e+00 NMSE=3.04462e-03
[EVAL] receiver=       perfect_csi_lmmse Eb/N0=18.0 dB BER=0.00000e+00 BLER=0.00000e+00 NMSE=0.00000e+00
{'train': {'output_dir': '/home/rsadve1/PROJECT/Universal_Receiver/outputs/twc_mild_clean', 'checkpoint_path': '/home/rsadve1/PROJECT/Universal_Receiver/outputs/twc_mild_clean/checkpoints/best.weights.h5', 'history_path': '/home/rsadve1/PROJECT/Universal_Receiver/outputs/twc_mild_clean/metrics/history.json'}, 'eval': {'output_dir': '/home/rsadve1/PROJECT/Universal_Receiver/outputs/twc_mild_clean', 'curves_path': '/home/rsadve1/PROJECT/Universal_Receiver/outputs/twc_mild_clean/metrics/curves.csv', 'summary_path': '/home/rsadve1/PROJECT/Universal_Receiver/outputs/twc_mild_clean/metrics/evaluation_summary.json'}, 'plots': {'plots_dir': '/home/rsadve1/PROJECT/Universal_Receiver/outputs/twc_mild_clean/plots'}}
