The following modules were not unloaded:
  (Use "module --force purge" to unload all):

  1) CCconfig        6)  ucx/1.14.1         11) flexiblas/3.3.1
  2) gentoo/2023     7)  libfabric/1.18.0   12) blis/0.9.0
  3) gcccore/.12.3   8)  pmix/4.2.4         13) StdEnv/2023
  4) gcc/12.3        9)  ucc/1.2.0
  5) hwloc/2.9.1     10) openmpi/4.1.5
Identity-init LS regression passed.
Checkpoint build/save/load regression passed.
[BASELINES] Estimating empirical LMMSE covariances with num_batches=24 batch_size=48 use_training_impairments=True
Baseline forward passed: baseline_ls_lmmse
Baseline forward passed: baseline_ddcpe_ls_lmmse
Baseline forward passed: paper_cfgres_phaseaware_ls_lmmse
Baseline forward passed: upair5g_lmmse
Baseline forward passed: perfect_csi_lmmse
Richer-baselines regression passed.
Phase-aware identity/build regression passed.
Phase-aware paper configured-reservoir regression passed.
Phase-aware paper comparator warning-free regression passed.
[TRAIN] step=00001 loss=-3.08975 nmse_prop=0.01574 nmse_ls=0.01574
[TRAIN] step=00100 loss=-2.13628 nmse_prop=0.04383 nmse_ls=0.04687
[TRAIN] step=00200 loss=-1.66832 nmse_prop=0.06449 nmse_ls=0.09492
[TRAIN] step=00300 loss=-2.87198 nmse_prop=0.02210 nmse_ls=0.03258
[TRAIN] step=00400 loss=-2.20254 nmse_prop=0.03355 nmse_ls=0.07159
[TRAIN] step=00500 loss=-3.11828 nmse_prop=0.01699 nmse_ls=0.03097
[TRAIN] step=00600 loss=-2.64895 nmse_prop=0.02141 nmse_ls=0.04865
[TRAIN] step=00700 loss=-2.56821 nmse_prop=0.02197 nmse_ls=0.05358
[TRAIN] step=00800 loss=-3.38139 nmse_prop=0.01575 nmse_ls=0.02695
[TRAIN] step=00900 loss=-1.78739 nmse_prop=0.04202 nmse_ls=0.11656
[TRAIN] step=01000 loss=-3.17334 nmse_prop=0.01438 nmse_ls=0.03254
[TRAIN] step=01100 loss=-1.65355 nmse_prop=0.04652 nmse_ls=0.13653
[TRAIN] step=01200 loss=-3.80620 nmse_prop=0.00990 nmse_ls=0.01946
[TRAIN] step=01300 loss=-3.39456 nmse_prop=0.01168 nmse_ls=0.02829
[TRAIN] step=01400 loss=-3.60794 nmse_prop=0.01049 nmse_ls=0.02485
[TRAIN] step=01500 loss=-2.73652 nmse_prop=0.01722 nmse_ls=0.05035
[TRAIN] step=01600 loss=-4.07403 nmse_prop=0.00777 nmse_ls=0.01833
[TRAIN] step=01700 loss=-2.92475 nmse_prop=0.01530 nmse_ls=0.04400
[TRAIN] step=01800 loss=-3.94651 nmse_prop=0.00757 nmse_ls=0.01912
[TRAIN] step=01900 loss=-4.02786 nmse_prop=0.00751 nmse_ls=0.02041
[TRAIN] step=02000 loss=-3.02440 nmse_prop=0.01438 nmse_ls=0.04317
[TRAIN] step=02100 loss=-1.71424 nmse_prop=0.03585 nmse_ls=0.13356
[TRAIN] step=02200 loss=-3.64238 nmse_prop=0.00829 nmse_ls=0.02520
[TRAIN] step=02300 loss=-4.17575 nmse_prop=0.00601 nmse_ls=0.01804
[TRAIN] step=02400 loss=-2.13602 nmse_prop=0.02477 nmse_ls=0.09721
[TRAIN] step=02500 loss=-3.31479 nmse_prop=0.01040 nmse_ls=0.03599
[TRAIN] step=02600 loss=-3.41906 nmse_prop=0.00940 nmse_ls=0.03242
[TRAIN] step=02700 loss=-1.92782 nmse_prop=0.02806 nmse_ls=0.11316
[TRAIN] step=02800 loss=-4.26563 nmse_prop=0.00559 nmse_ls=0.01755
[TRAIN] step=02900 loss=-4.10484 nmse_prop=0.00587 nmse_ls=0.02062
[TRAIN] step=03000 loss=-2.03235 nmse_prop=0.02463 nmse_ls=0.10526
[TRAIN] step=03100 loss=-2.43147 nmse_prop=0.01741 nmse_ls=0.07571
[TRAIN] step=03200 loss=-4.48153 nmse_prop=0.00452 nmse_ls=0.01455
[TRAIN] step=03300 loss=-4.44603 nmse_prop=0.00468 nmse_ls=0.01802
[TRAIN] step=03400 loss=-2.51062 nmse_prop=0.01572 nmse_ls=0.07265
[TRAIN] step=03500 loss=-3.65823 nmse_prop=0.00889 nmse_ls=0.03012
[TRAIN] step=03600 loss=-1.82687 nmse_prop=0.02700 nmse_ls=0.12997
[TRAIN] step=03700 loss=-2.15621 nmse_prop=0.01942 nmse_ls=0.09769
[TRAIN] step=03800 loss=-3.50037 nmse_prop=0.00815 nmse_ls=0.03233
[TRAIN] step=03900 loss=-2.55843 nmse_prop=0.01398 nmse_ls=0.06851
[TRAIN] step=04000 loss=-3.49983 nmse_prop=0.00770 nmse_ls=0.03109
[TRAIN] step=04100 loss=-2.65676 nmse_prop=0.01468 nmse_ls=0.06299
[TRAIN] step=04200 loss=-2.23509 nmse_prop=0.01813 nmse_ls=0.09078
[TRAIN] step=04300 loss=-2.27816 nmse_prop=0.01669 nmse_ls=0.08799
[TRAIN] step=04400 loss=-4.60281 nmse_prop=0.00397 nmse_ls=0.01770
[TRAIN] step=04500 loss=-4.38614 nmse_prop=0.00491 nmse_ls=0.02028
[EVAL] receiver=       baseline_ls_lmmse Eb/N0= 0.0 dB BER=8.87158e-02 BLER=1.00000e+00 NMSE=1.43730e-01
[EVAL] receiver= baseline_ddcpe_ls_lmmse Eb/N0= 0.0 dB BER=8.75937e-02 BLER=1.00000e+00 NMSE=1.42578e-01
[EVAL] receiver=paper_cfgres_phaseaware_ls_lmmse Eb/N0= 0.0 dB BER=6.97306e-02 BLER=9.99939e-01 NMSE=9.28466e-02
[EVAL] receiver=           upair5g_lmmse Eb/N0= 0.0 dB BER=2.28056e-02 BLER=7.97078e-01 NMSE=2.59445e-02
[EVAL] receiver=       perfect_csi_lmmse Eb/N0= 0.0 dB BER=2.59291e-03 BLER=1.37044e-01 NMSE=0.00000e+00
[EVAL] receiver=       baseline_ls_lmmse Eb/N0= 2.0 dB BER=3.96106e-03 BLER=1.18266e-01 NMSE=9.61142e-02
[EVAL] receiver= baseline_ddcpe_ls_lmmse Eb/N0= 2.0 dB BER=1.82857e-03 BLER=6.59790e-02 NMSE=9.33258e-02
[EVAL] receiver=paper_cfgres_phaseaware_ls_lmmse Eb/N0= 2.0 dB BER=1.37574e-03 BLER=4.79940e-02 NMSE=7.10718e-02
[EVAL] receiver=           upair5g_lmmse Eb/N0= 2.0 dB BER=2.88098e-05 BLER=9.96909e-04 NMSE=1.72519e-02
[EVAL] receiver=       perfect_csi_lmmse Eb/N0= 2.0 dB BER=6.35783e-07 BLER=8.13804e-05 NMSE=0.00000e+00
[EVAL] receiver=       baseline_ls_lmmse Eb/N0= 4.0 dB BER=1.07650e-04 BLER=3.58073e-03 NMSE=6.63016e-02
[EVAL] receiver= baseline_ddcpe_ls_lmmse Eb/N0= 4.0 dB BER=6.52016e-06 BLER=3.45866e-04 NMSE=6.14842e-02
[EVAL] receiver=paper_cfgres_phaseaware_ls_lmmse Eb/N0= 4.0 dB BER=3.29254e-05 BLER=1.24105e-03 NMSE=5.69444e-02
[EVAL] receiver=           upair5g_lmmse Eb/N0= 4.0 dB BER=0.00000e+00 BLER=0.00000e+00 NMSE=1.22434e-02
[EVAL] receiver=       perfect_csi_lmmse Eb/N0= 4.0 dB BER=0.00000e+00 BLER=0.00000e+00 NMSE=0.00000e+00
[EVAL] receiver=       baseline_ls_lmmse Eb/N0= 6.0 dB BER=3.97364e-06 BLER=1.62761e-04 NMSE=4.73648e-02
[EVAL] receiver= baseline_ddcpe_ls_lmmse Eb/N0= 6.0 dB BER=0.00000e+00 BLER=0.00000e+00 NMSE=4.11893e-02
[EVAL] receiver=paper_cfgres_phaseaware_ls_lmmse Eb/N0= 6.0 dB BER=5.99936e-06 BLER=1.42416e-04 NMSE=4.79692e-02
[EVAL] receiver=           upair5g_lmmse Eb/N0= 6.0 dB BER=0.00000e+00 BLER=0.00000e+00 NMSE=9.06137e-03
[EVAL] receiver=       perfect_csi_lmmse Eb/N0= 6.0 dB BER=0.00000e+00 BLER=0.00000e+00 NMSE=0.00000e+00
[EVAL] receiver=       baseline_ls_lmmse Eb/N0= 8.0 dB BER=4.46401e-07 BLER=2.03451e-05 NMSE=3.54510e-02
[EVAL] receiver= baseline_ddcpe_ls_lmmse Eb/N0= 8.0 dB BER=0.00000e+00 BLER=0.00000e+00 NMSE=2.85880e-02
[EVAL] receiver=paper_cfgres_phaseaware_ls_lmmse Eb/N0= 8.0 dB BER=0.00000e+00 BLER=0.00000e+00 NMSE=4.25517e-02
[EVAL] receiver=           upair5g_lmmse Eb/N0= 8.0 dB BER=0.00000e+00 BLER=0.00000e+00 NMSE=7.01682e-03
[EVAL] receiver=       perfect_csi_lmmse Eb/N0= 8.0 dB BER=0.00000e+00 BLER=0.00000e+00 NMSE=0.00000e+00
[EVAL] receiver=       baseline_ls_lmmse Eb/N0=10.0 dB BER=0.00000e+00 BLER=0.00000e+00 NMSE=2.79590e-02
[EVAL] receiver= baseline_ddcpe_ls_lmmse Eb/N0=10.0 dB BER=0.00000e+00 BLER=0.00000e+00 NMSE=2.08365e-02
[EVAL] receiver=paper_cfgres_phaseaware_ls_lmmse Eb/N0=10.0 dB BER=0.00000e+00 BLER=0.00000e+00 NMSE=3.93578e-02
[EVAL] receiver=           upair5g_lmmse Eb/N0=10.0 dB BER=0.00000e+00 BLER=0.00000e+00 NMSE=5.67352e-03
[EVAL] receiver=       perfect_csi_lmmse Eb/N0=10.0 dB BER=0.00000e+00 BLER=0.00000e+00 NMSE=0.00000e+00
[EVAL] receiver=       baseline_ls_lmmse Eb/N0=12.0 dB BER=1.01455e-08 BLER=4.06902e-05 NMSE=2.31735e-02
[EVAL] receiver= baseline_ddcpe_ls_lmmse Eb/N0=12.0 dB BER=0.00000e+00 BLER=0.00000e+00 NMSE=1.59616e-02
[EVAL] receiver=paper_cfgres_phaseaware_ls_lmmse Eb/N0=12.0 dB BER=6.76365e-09 BLER=2.03451e-05 NMSE=3.75329e-02
[EVAL] receiver=           upair5g_lmmse Eb/N0=12.0 dB BER=0.00000e+00 BLER=0.00000e+00 NMSE=4.75491e-03
[EVAL] receiver=       perfect_csi_lmmse Eb/N0=12.0 dB BER=0.00000e+00 BLER=0.00000e+00 NMSE=0.00000e+00
[EVAL] receiver=       baseline_ls_lmmse Eb/N0=14.0 dB BER=2.53637e-07 BLER=3.86557e-04 NMSE=2.01962e-02
[EVAL] receiver= baseline_ddcpe_ls_lmmse Eb/N0=14.0 dB BER=0.00000e+00 BLER=0.00000e+00 NMSE=1.29190e-02
[EVAL] receiver=paper_cfgres_phaseaware_ls_lmmse Eb/N0=14.0 dB BER=0.00000e+00 BLER=0.00000e+00 NMSE=3.66428e-02
[EVAL] receiver=           upair5g_lmmse Eb/N0=14.0 dB BER=0.00000e+00 BLER=0.00000e+00 NMSE=4.14065e-03
[EVAL] receiver=       perfect_csi_lmmse Eb/N0=14.0 dB BER=0.00000e+00 BLER=0.00000e+00 NMSE=0.00000e+00
[EVAL] receiver=       baseline_ls_lmmse Eb/N0=16.0 dB BER=4.09877e-06 BLER=7.52768e-04 NMSE=1.83068e-02
[EVAL] receiver= baseline_ddcpe_ls_lmmse Eb/N0=16.0 dB BER=0.00000e+00 BLER=0.00000e+00 NMSE=1.10050e-02
[EVAL] receiver=paper_cfgres_phaseaware_ls_lmmse Eb/N0=16.0 dB BER=3.38182e-09 BLER=2.03451e-05 NMSE=3.68276e-02
[EVAL] receiver=           upair5g_lmmse Eb/N0=16.0 dB BER=0.00000e+00 BLER=0.00000e+00 NMSE=3.71221e-03
[EVAL] receiver=       perfect_csi_lmmse Eb/N0=16.0 dB BER=0.00000e+00 BLER=0.00000e+00 NMSE=0.00000e+00
[EVAL] receiver=       baseline_ls_lmmse Eb/N0=18.0 dB BER=7.40958e-06 BLER=9.56219e-04 NMSE=1.70419e-02
[EVAL] receiver= baseline_ddcpe_ls_lmmse Eb/N0=18.0 dB BER=0.00000e+00 BLER=0.00000e+00 NMSE=9.81474e-03
[EVAL] receiver=paper_cfgres_phaseaware_ls_lmmse Eb/N0=18.0 dB BER=1.01455e-08 BLER=6.10353e-05 NMSE=3.82875e-02
[EVAL] receiver=           upair5g_lmmse Eb/N0=18.0 dB BER=0.00000e+00 BLER=0.00000e+00 NMSE=3.44621e-03
[EVAL] receiver=       perfect_csi_lmmse Eb/N0=18.0 dB BER=0.00000e+00 BLER=0.00000e+00 NMSE=0.00000e+00
{'train': {'output_dir': '/home/rsadve1/PROJECT/Universal_Receiver/outputs/twc_mild_main', 'checkpoint_path': '/home/rsadve1/PROJECT/Universal_Receiver/outputs/twc_mild_main/checkpoints/best.weights.h5', 'history_path': '/home/rsadve1/PROJECT/Universal_Receiver/outputs/twc_mild_main/metrics/history.json'}, 'eval': {'output_dir': '/home/rsadve1/PROJECT/Universal_Receiver/outputs/twc_mild_main', 'curves_path': '/home/rsadve1/PROJECT/Universal_Receiver/outputs/twc_mild_main/metrics/curves.csv', 'summary_path': '/home/rsadve1/PROJECT/Universal_Receiver/outputs/twc_mild_main/metrics/evaluation_summary.json'}, 'plots': {'plots_dir': '/home/rsadve1/PROJECT/Universal_Receiver/outputs/twc_mild_main/plots'}}
