The following modules were not unloaded:
  (Use "module --force purge" to unload all):

  1) CCconfig        6)  ucx/1.14.1         11) flexiblas/3.3.1
  2) gentoo/2023     7)  libfabric/1.18.0   12) blis/0.9.0
  3) gcccore/.12.3   8)  pmix/4.2.4         13) StdEnv/2023
  4) gcc/12.3        9)  ucc/1.2.0
  5) hwloc/2.9.1     10) openmpi/4.1.5
Identity-init LS regression passed.
Checkpoint build/save/load regression passed.
[BASELINES] Estimating empirical LMMSE covariances with num_batches=16 batch_size=32 use_training_impairments=False
[BASELINES] Estimating empirical LMMSE covariances with num_batches=16 batch_size=32 use_training_impairments=True
Baseline forward passed: baseline_ls_lmmse
Baseline forward passed: baseline_ls_timeavg_lmmse
Baseline forward passed: baseline_ls_2dlmmse_lmmse
Baseline forward passed: baseline_ddcpe_ls_lmmse
Baseline forward passed: paper_cfgres_ls_lmmse
Baseline forward passed: upair5g_lmmse
Baseline forward passed: perfect_csi_lmmse
Richer-baselines regression passed.
Phase-aware identity/build regression passed.
Paper configured-reservoir regression passed.
[EVAL] receiver=       baseline_ls_lmmse Eb/N0= 0.0 dB BER=1.41772e-02 BLER=1.03255e-01 NMSE=2.01150e-01
[EVAL] receiver=baseline_ls_timeavg_lmmse Eb/N0= 0.0 dB BER=1.41782e-02 BLER=1.03255e-01 NMSE=2.01150e-01
[EVAL] receiver=baseline_ls_2dlmmse_lmmse Eb/N0= 0.0 dB BER=1.82211e-01 BLER=8.94661e-01 NMSE=5.82381e-01
[EVAL] receiver= baseline_ddcpe_ls_lmmse Eb/N0= 0.0 dB BER=1.26851e-02 BLER=8.99740e-02 NMSE=1.97607e-01
[EVAL] receiver=   paper_cfgres_ls_lmmse Eb/N0= 0.0 dB BER=3.03771e-02 BLER=2.19401e-01 NMSE=2.62219e-01
[EVAL] receiver=           upair5g_lmmse Eb/N0= 0.0 dB BER=6.69328e-04 BLER=4.94792e-03 NMSE=5.79173e-02
[EVAL] receiver=       perfect_csi_lmmse Eb/N0= 0.0 dB BER=0.00000e+00 BLER=0.00000e+00 NMSE=0.00000e+00
[EVAL] receiver=       baseline_ls_lmmse Eb/N0= 2.0 dB BER=7.17901e-03 BLER=4.50521e-02 NMSE=1.53988e-01
[EVAL] receiver=baseline_ls_timeavg_lmmse Eb/N0= 2.0 dB BER=7.18705e-03 BLER=4.49219e-02 NMSE=1.53988e-01
[EVAL] receiver=baseline_ls_2dlmmse_lmmse Eb/N0= 2.0 dB BER=1.39538e-01 BLER=7.26693e-01 NMSE=5.52509e-01
[EVAL] receiver= baseline_ddcpe_ls_lmmse Eb/N0= 2.0 dB BER=5.85354e-03 BLER=3.61979e-02 NMSE=1.47027e-01
[EVAL] receiver=   paper_cfgres_ls_lmmse Eb/N0= 2.0 dB BER=2.14695e-02 BLER=1.31510e-01 NMSE=2.55011e-01
[EVAL] receiver=           upair5g_lmmse Eb/N0= 2.0 dB BER=2.65945e-04 BLER=1.43229e-03 NMSE=4.02061e-02
[EVAL] receiver=       perfect_csi_lmmse Eb/N0= 2.0 dB BER=0.00000e+00 BLER=0.00000e+00 NMSE=0.00000e+00
[EVAL] receiver=       baseline_ls_lmmse Eb/N0= 4.0 dB BER=3.82854e-03 BLER=2.59115e-02 NMSE=1.23356e-01
[EVAL] receiver=baseline_ls_timeavg_lmmse Eb/N0= 4.0 dB BER=3.83187e-03 BLER=2.63021e-02 NMSE=1.23356e-01
[EVAL] receiver=baseline_ls_2dlmmse_lmmse Eb/N0= 4.0 dB BER=1.14207e-01 BLER=5.89453e-01 NMSE=5.27445e-01
[EVAL] receiver= baseline_ddcpe_ls_lmmse Eb/N0= 4.0 dB BER=2.56717e-03 BLER=1.78385e-02 NMSE=1.12149e-01
[EVAL] receiver=   paper_cfgres_ls_lmmse Eb/N0= 4.0 dB BER=1.99146e-02 BLER=1.05990e-01 NMSE=2.52745e-01
[EVAL] receiver=           upair5g_lmmse Eb/N0= 4.0 dB BER=1.02450e-04 BLER=5.20833e-04 NMSE=2.98762e-02
[EVAL] receiver=       perfect_csi_lmmse Eb/N0= 4.0 dB BER=0.00000e+00 BLER=0.00000e+00 NMSE=0.00000e+00
[EVAL] receiver=       baseline_ls_lmmse Eb/N0= 6.0 dB BER=3.84838e-03 BLER=3.19010e-02 NMSE=1.04656e-01
[EVAL] receiver=baseline_ls_timeavg_lmmse Eb/N0= 6.0 dB BER=3.84868e-03 BLER=3.17708e-02 NMSE=1.04656e-01
[EVAL] receiver=baseline_ls_2dlmmse_lmmse Eb/N0= 6.0 dB BER=9.73269e-02 BLER=4.90365e-01 NMSE=5.09350e-01
[EVAL] receiver= baseline_ddcpe_ls_lmmse Eb/N0= 6.0 dB BER=2.73213e-03 BLER=2.30469e-02 NMSE=9.02701e-02
[EVAL] receiver=   paper_cfgres_ls_lmmse Eb/N0= 6.0 dB BER=1.67841e-02 BLER=8.85417e-02 NMSE=2.50087e-01
[EVAL] receiver=           upair5g_lmmse Eb/N0= 6.0 dB BER=8.81458e-05 BLER=5.20833e-04 NMSE=2.36789e-02
[EVAL] receiver=       perfect_csi_lmmse Eb/N0= 6.0 dB BER=0.00000e+00 BLER=0.00000e+00 NMSE=0.00000e+00
[EVAL] receiver=       baseline_ls_lmmse Eb/N0= 8.0 dB BER=4.09990e-03 BLER=3.85417e-02 NMSE=9.28457e-02
[EVAL] receiver=baseline_ls_timeavg_lmmse Eb/N0= 8.0 dB BER=4.09859e-03 BLER=3.85417e-02 NMSE=9.28457e-02
[EVAL] receiver=baseline_ls_2dlmmse_lmmse Eb/N0= 8.0 dB BER=8.53987e-02 BLER=4.31510e-01 NMSE=4.96913e-01
[EVAL] receiver= baseline_ddcpe_ls_lmmse Eb/N0= 8.0 dB BER=2.10266e-03 BLER=2.60417e-02 NMSE=7.63150e-02
[EVAL] receiver=   paper_cfgres_ls_lmmse Eb/N0= 8.0 dB BER=1.80698e-02 BLER=1.10677e-01 NMSE=2.50920e-01
[EVAL] receiver=           upair5g_lmmse Eb/N0= 8.0 dB BER=7.39574e-05 BLER=5.20833e-04 NMSE=1.97581e-02
[EVAL] receiver=       perfect_csi_lmmse Eb/N0= 8.0 dB BER=0.00000e+00 BLER=0.00000e+00 NMSE=0.00000e+00
[EVAL] receiver=       baseline_ls_lmmse Eb/N0=10.0 dB BER=4.04728e-03 BLER=5.01302e-02 NMSE=8.50179e-02
[EVAL] receiver=baseline_ls_timeavg_lmmse Eb/N0=10.0 dB BER=4.04485e-03 BLER=5.02604e-02 NMSE=8.50179e-02
[EVAL] receiver=baseline_ls_2dlmmse_lmmse Eb/N0=10.0 dB BER=7.80687e-02 BLER=4.24349e-01 NMSE=4.87112e-01
[EVAL] receiver= baseline_ddcpe_ls_lmmse Eb/N0=10.0 dB BER=2.06787e-03 BLER=2.82552e-02 NMSE=6.76583e-02
[EVAL] receiver=   paper_cfgres_ls_lmmse Eb/N0=10.0 dB BER=1.84957e-02 BLER=1.33724e-01 NMSE=2.51954e-01
[EVAL] receiver=           upair5g_lmmse Eb/N0=10.0 dB BER=3.19335e-05 BLER=2.60417e-04 NMSE=1.68772e-02
[EVAL] receiver=       perfect_csi_lmmse Eb/N0=10.0 dB BER=0.00000e+00 BLER=0.00000e+00 NMSE=0.00000e+00
[EVAL] receiver=       baseline_ls_lmmse Eb/N0=12.0 dB BER=4.53193e-03 BLER=6.86198e-02 NMSE=8.16297e-02
[EVAL] receiver=baseline_ls_timeavg_lmmse Eb/N0=12.0 dB BER=4.56827e-03 BLER=6.86198e-02 NMSE=8.16297e-02
[EVAL] receiver=baseline_ls_2dlmmse_lmmse Eb/N0=12.0 dB BER=7.43459e-02 BLER=4.48177e-01 NMSE=4.76080e-01
[EVAL] receiver= baseline_ddcpe_ls_lmmse Eb/N0=12.0 dB BER=2.25035e-03 BLER=3.81510e-02 NMSE=6.36937e-02
[EVAL] receiver=   paper_cfgres_ls_lmmse Eb/N0=12.0 dB BER=2.02555e-02 BLER=1.65885e-01 NMSE=2.53633e-01
[EVAL] receiver=           upair5g_lmmse Eb/N0=12.0 dB BER=1.32025e-04 BLER=6.51042e-04 NMSE=1.53091e-02
[EVAL] receiver=       perfect_csi_lmmse Eb/N0=12.0 dB BER=0.00000e+00 BLER=0.00000e+00 NMSE=0.00000e+00
[EVAL] receiver=       baseline_ls_lmmse Eb/N0=14.0 dB BER=5.55144e-03 BLER=8.54167e-02 NMSE=7.86141e-02
[EVAL] receiver=baseline_ls_timeavg_lmmse Eb/N0=14.0 dB BER=5.57669e-03 BLER=8.54167e-02 NMSE=7.86141e-02
[EVAL] receiver=baseline_ls_2dlmmse_lmmse Eb/N0=14.0 dB BER=7.17664e-02 BLER=4.73958e-01 NMSE=4.66021e-01
[EVAL] receiver= baseline_ddcpe_ls_lmmse Eb/N0=14.0 dB BER=2.68323e-03 BLER=4.49219e-02 NMSE=6.03662e-02
[EVAL] receiver=   paper_cfgres_ls_lmmse Eb/N0=14.0 dB BER=2.53655e-02 BLER=2.22005e-01 NMSE=2.60912e-01
[EVAL] receiver=           upair5g_lmmse Eb/N0=14.0 dB BER=3.18949e-05 BLER=1.30208e-04 NMSE=1.41008e-02
[EVAL] receiver=       perfect_csi_lmmse Eb/N0=14.0 dB BER=0.00000e+00 BLER=0.00000e+00 NMSE=0.00000e+00
[EVAL] receiver=       baseline_ls_lmmse Eb/N0=16.0 dB BER=6.53852e-03 BLER=1.00781e-01 NMSE=7.65757e-02
[EVAL] receiver=baseline_ls_timeavg_lmmse Eb/N0=16.0 dB BER=6.55008e-03 BLER=1.00651e-01 NMSE=7.65757e-02
[EVAL] receiver=baseline_ls_2dlmmse_lmmse Eb/N0=16.0 dB BER=6.57493e-02 BLER=4.84115e-01 NMSE=4.52013e-01
[EVAL] receiver= baseline_ddcpe_ls_lmmse Eb/N0=16.0 dB BER=3.17379e-03 BLER=4.76562e-02 NMSE=5.85529e-02
[EVAL] receiver=   paper_cfgres_ls_lmmse Eb/N0=16.0 dB BER=3.17519e-02 BLER=2.85807e-01 NMSE=2.80683e-01
[EVAL] receiver=           upair5g_lmmse Eb/N0=16.0 dB BER=9.69217e-05 BLER=5.20833e-04 NMSE=1.34340e-02
[EVAL] receiver=       perfect_csi_lmmse Eb/N0=16.0 dB BER=0.00000e+00 BLER=0.00000e+00 NMSE=0.00000e+00
/home/rsadve1/PROJECT/Universal_Receiver/src/upair5g/plotting.py:73: UserWarning: This figure includes Axes that are not compatible with tight_layout, so results might be incorrect.
  fig.tight_layout()
{'eval': {'output_dir': '/home/rsadve1/PROJECT/Universal_Receiver/outputs/upair_cdlc_highmobility_paper_comparison', 'curves_path': '/home/rsadve1/PROJECT/Universal_Receiver/outputs/upair_cdlc_highmobility_paper_comparison/metrics/curves.csv', 'summary_path': '/home/rsadve1/PROJECT/Universal_Receiver/outputs/upair_cdlc_highmobility_paper_comparison/metrics/evaluation_summary.json'}, 'plots': {'plots_dir': '/home/rsadve1/PROJECT/Universal_Receiver/outputs/upair_cdlc_highmobility_paper_comparison/plots'}}
