The following modules were not unloaded:
  (Use "module --force purge" to unload all):

  1) CCconfig        6)  ucx/1.14.1         11) flexiblas/3.3.1
  2) gentoo/2023     7)  libfabric/1.18.0   12) blis/0.9.0
  3) gcccore/.12.3   8)  pmix/4.2.4         13) StdEnv/2023
  4) gcc/12.3        9)  ucc/1.2.0
  5) hwloc/2.9.1     10) openmpi/4.1.5
Checkpoint build/save/load regression passed.
WARNING:tensorflow:You are casting an input of type complex64 to an incompatible dtype float32.  This will discard the imaginary part and may not be what you intended.
[TRAIN] step=00001 loss=0.10192 nmse_prop=0.32693 nmse_ls=0.10895
WARNING:tensorflow:You are casting an input of type complex64 to an incompatible dtype float32.  This will discard the imaginary part and may not be what you intended.
[TRAIN] step=00002 loss=-0.27036 nmse_prop=0.20721 nmse_ls=0.06344
WARNING:tensorflow:You are casting an input of type complex64 to an incompatible dtype float32.  This will discard the imaginary part and may not be what you intended.
[TRAIN] step=00003 loss=-0.29269 nmse_prop=0.21118 nmse_ls=0.07978
WARNING:tensorflow:You are casting an input of type complex64 to an incompatible dtype float32.  This will discard the imaginary part and may not be what you intended.
[TRAIN] step=00004 loss=-0.49050 nmse_prop=0.17328 nmse_ls=0.09050
WARNING:tensorflow:You are casting an input of type complex64 to an incompatible dtype float32.  This will discard the imaginary part and may not be what you intended.
[TRAIN] step=00005 loss=-0.61162 nmse_prop=0.16764 nmse_ls=0.09455
WARNING:tensorflow:You are casting an input of type complex64 to an incompatible dtype float32.  This will discard the imaginary part and may not be what you intended.
[TRAIN] step=00006 loss=-0.75073 nmse_prop=0.14969 nmse_ls=0.08201
WARNING:tensorflow:You are casting an input of type complex64 to an incompatible dtype float32.  This will discard the imaginary part and may not be what you intended.
[TRAIN] step=00007 loss=-0.60263 nmse_prop=0.16785 nmse_ls=0.09980
WARNING:tensorflow:You are casting an input of type complex64 to an incompatible dtype float32.  This will discard the imaginary part and may not be what you intended.
[TRAIN] step=00008 loss=-0.71758 nmse_prop=0.14590 nmse_ls=0.10788
WARNING:tensorflow:You are casting an input of type complex64 to an incompatible dtype float32.  This will discard the imaginary part and may not be what you intended.
[TRAIN] step=00009 loss=-1.03447 nmse_prop=0.10666 nmse_ls=0.05845
WARNING:tensorflow:You are casting an input of type complex64 to an incompatible dtype float32.  This will discard the imaginary part and may not be what you intended.
[TRAIN] step=00010 loss=-1.20953 nmse_prop=0.10191 nmse_ls=0.07513
WARNING:tensorflow:You are casting an input of type complex64 to an incompatible dtype float32.  This will discard the imaginary part and may not be what you intended.
[TRAIN] step=00011 loss=-1.15324 nmse_prop=0.11215 nmse_ls=0.08296
WARNING:tensorflow:You are casting an input of type complex64 to an incompatible dtype float32.  This will discard the imaginary part and may not be what you intended.
[TRAIN] step=00012 loss=-1.02045 nmse_prop=0.12862 nmse_ls=0.10936
[EVAL] receiver= baseline_ls_lmmse Eb/N0= 4.0 dB BER=0.00000e+00 BLER=0.00000e+00 NMSE=1.19370e-01
[EVAL] receiver=     upair5g_lmmse Eb/N0= 4.0 dB BER=0.00000e+00 BLER=0.00000e+00 NMSE=1.45703e-01
[EVAL] receiver= perfect_csi_lmmse Eb/N0= 4.0 dB BER=0.00000e+00 BLER=0.00000e+00 NMSE=0.00000e+00
[EVAL] receiver= baseline_ls_lmmse Eb/N0= 8.0 dB BER=0.00000e+00 BLER=0.00000e+00 NMSE=6.64520e-02
[EVAL] receiver=     upair5g_lmmse Eb/N0= 8.0 dB BER=0.00000e+00 BLER=0.00000e+00 NMSE=9.57396e-02
[EVAL] receiver= perfect_csi_lmmse Eb/N0= 8.0 dB BER=0.00000e+00 BLER=0.00000e+00 NMSE=0.00000e+00
{'train': {'output_dir': '/home/rsadve1/PROJECT/Universal_Receiver/outputs/smoke_upair_cdlc', 'checkpoint_path': '/home/rsadve1/PROJECT/Universal_Receiver/outputs/smoke_upair_cdlc/checkpoints/best.weights.h5', 'history_path': '/home/rsadve1/PROJECT/Universal_Receiver/outputs/smoke_upair_cdlc/metrics/history.json'}, 'eval': {'output_dir': '/home/rsadve1/PROJECT/Universal_Receiver/outputs/smoke_upair_cdlc', 'curves_path': '/home/rsadve1/PROJECT/Universal_Receiver/outputs/smoke_upair_cdlc/metrics/curves.csv', 'summary_path': '/home/rsadve1/PROJECT/Universal_Receiver/outputs/smoke_upair_cdlc/metrics/evaluation_summary.json'}, 'plots': {'plots_dir': '/home/rsadve1/PROJECT/Universal_Receiver/outputs/smoke_upair_cdlc/plots'}}
